<?xml version="1.0" encoding="UTF-8"?>
<testsuites name="jest tests" tests="395" failures="84" errors="0" time="73.13">
  <testsuite name="ParentalControlService" errors="0" failures="20" skipped="0" timestamp="2025-09-29T19:07:15" time="1.463" tests="20">
    <testcase classname="ParentalControlService linkChildAccount should successfully link a child account to a parent" name="ParentalControlService linkChildAccount should successfully link a child account to a parent" time="0.009">
      <failure>TypeError: Cannot read properties of undefined (reading &apos;mockReturnValue&apos;)
    at Object.mockReturnValue (C:\Users\user\Desktop\Kiro\AWS project\FinanceFarmSimulator\src\services\__tests__\ParentalControlService.test.ts:144:42)
    at Promise.then.completed (C:\Users\user\Desktop\Kiro\AWS project\FinanceFarmSimulator\node_modules\jest-circus\build\utils.js:298:28)
    at new Promise (&lt;anonymous&gt;)
    at callAsyncCircusFn (C:\Users\user\Desktop\Kiro\AWS project\FinanceFarmSimulator\node_modules\jest-circus\build\utils.js:231:10)
    at _callCircusHook (C:\Users\user\Desktop\Kiro\AWS project\FinanceFarmSimulator\node_modules\jest-circus\build\run.js:281:40)
    at _runTest (C:\Users\user\Desktop\Kiro\AWS project\FinanceFarmSimulator\node_modules\jest-circus\build\run.js:246:5)
    at _runTestsForDescribeBlock (C:\Users\user\Desktop\Kiro\AWS project\FinanceFarmSimulator\node_modules\jest-circus\build\run.js:126:9)
    at _runTestsForDescribeBlock (C:\Users\user\Desktop\Kiro\AWS project\FinanceFarmSimulator\node_modules\jest-circus\build\run.js:121:9)
    at _runTestsForDescribeBlock (C:\Users\user\Desktop\Kiro\AWS project\FinanceFarmSimulator\node_modules\jest-circus\build\run.js:121:9)
    at run (C:\Users\user\Desktop\Kiro\AWS project\FinanceFarmSimulator\node_modules\jest-circus\build\run.js:71:3)
    at runAndTransformResultsToJestFormat (C:\Users\user\Desktop\Kiro\AWS project\FinanceFarmSimulator\node_modules\jest-circus\build\legacy-code-todo-rewrite\jestAdapterInit.js:122:21)
    at jestAdapter (C:\Users\user\Desktop\Kiro\AWS project\FinanceFarmSimulator\node_modules\jest-circus\build\legacy-code-todo-rewrite\jestAdapter.js:79:19)
    at runTestInternal (C:\Users\user\Desktop\Kiro\AWS project\FinanceFarmSimulator\node_modules\jest-runner\build\runTest.js:367:16)
    at runTest (C:\Users\user\Desktop\Kiro\AWS project\FinanceFarmSimulator\node_modules\jest-runner\build\runTest.js:444:34)</failure>
    </testcase>
    <testcase classname="ParentalControlService linkChildAccount should throw error if parent is not in adult mode" name="ParentalControlService linkChildAccount should throw error if parent is not in adult mode" time="0.005">
      <failure>TypeError: Cannot read properties of undefined (reading &apos;mockReturnValue&apos;)
    at Object.mockReturnValue (C:\Users\user\Desktop\Kiro\AWS project\FinanceFarmSimulator\src\services\__tests__\ParentalControlService.test.ts:144:42)
    at Promise.then.completed (C:\Users\user\Desktop\Kiro\AWS project\FinanceFarmSimulator\node_modules\jest-circus\build\utils.js:298:28)
    at new Promise (&lt;anonymous&gt;)
    at callAsyncCircusFn (C:\Users\user\Desktop\Kiro\AWS project\FinanceFarmSimulator\node_modules\jest-circus\build\utils.js:231:10)
    at _callCircusHook (C:\Users\user\Desktop\Kiro\AWS project\FinanceFarmSimulator\node_modules\jest-circus\build\run.js:281:40)
    at _runTest (C:\Users\user\Desktop\Kiro\AWS project\FinanceFarmSimulator\node_modules\jest-circus\build\run.js:246:5)
    at _runTestsForDescribeBlock (C:\Users\user\Desktop\Kiro\AWS project\FinanceFarmSimulator\node_modules\jest-circus\build\run.js:126:9)
    at _runTestsForDescribeBlock (C:\Users\user\Desktop\Kiro\AWS project\FinanceFarmSimulator\node_modules\jest-circus\build\run.js:121:9)
    at _runTestsForDescribeBlock (C:\Users\user\Desktop\Kiro\AWS project\FinanceFarmSimulator\node_modules\jest-circus\build\run.js:121:9)
    at run (C:\Users\user\Desktop\Kiro\AWS project\FinanceFarmSimulator\node_modules\jest-circus\build\run.js:71:3)
    at runAndTransformResultsToJestFormat (C:\Users\user\Desktop\Kiro\AWS project\FinanceFarmSimulator\node_modules\jest-circus\build\legacy-code-todo-rewrite\jestAdapterInit.js:122:21)
    at jestAdapter (C:\Users\user\Desktop\Kiro\AWS project\FinanceFarmSimulator\node_modules\jest-circus\build\legacy-code-todo-rewrite\jestAdapter.js:79:19)
    at runTestInternal (C:\Users\user\Desktop\Kiro\AWS project\FinanceFarmSimulator\node_modules\jest-runner\build\runTest.js:367:16)
    at runTest (C:\Users\user\Desktop\Kiro\AWS project\FinanceFarmSimulator\node_modules\jest-runner\build\runTest.js:444:34)</failure>
    </testcase>
    <testcase classname="ParentalControlService linkChildAccount should throw error if child is not in child mode" name="ParentalControlService linkChildAccount should throw error if child is not in child mode" time="0.003">
      <failure>TypeError: Cannot read properties of undefined (reading &apos;mockReturnValue&apos;)
    at Object.mockReturnValue (C:\Users\user\Desktop\Kiro\AWS project\FinanceFarmSimulator\src\services\__tests__\ParentalControlService.test.ts:144:42)
    at Promise.then.completed (C:\Users\user\Desktop\Kiro\AWS project\FinanceFarmSimulator\node_modules\jest-circus\build\utils.js:298:28)
    at new Promise (&lt;anonymous&gt;)
    at callAsyncCircusFn (C:\Users\user\Desktop\Kiro\AWS project\FinanceFarmSimulator\node_modules\jest-circus\build\utils.js:231:10)
    at _callCircusHook (C:\Users\user\Desktop\Kiro\AWS project\FinanceFarmSimulator\node_modules\jest-circus\build\run.js:281:40)
    at _runTest (C:\Users\user\Desktop\Kiro\AWS project\FinanceFarmSimulator\node_modules\jest-circus\build\run.js:246:5)
    at _runTestsForDescribeBlock (C:\Users\user\Desktop\Kiro\AWS project\FinanceFarmSimulator\node_modules\jest-circus\build\run.js:126:9)
    at _runTestsForDescribeBlock (C:\Users\user\Desktop\Kiro\AWS project\FinanceFarmSimulator\node_modules\jest-circus\build\run.js:121:9)
    at _runTestsForDescribeBlock (C:\Users\user\Desktop\Kiro\AWS project\FinanceFarmSimulator\node_modules\jest-circus\build\run.js:121:9)
    at run (C:\Users\user\Desktop\Kiro\AWS project\FinanceFarmSimulator\node_modules\jest-circus\build\run.js:71:3)
    at runAndTransformResultsToJestFormat (C:\Users\user\Desktop\Kiro\AWS project\FinanceFarmSimulator\node_modules\jest-circus\build\legacy-code-todo-rewrite\jestAdapterInit.js:122:21)
    at jestAdapter (C:\Users\user\Desktop\Kiro\AWS project\FinanceFarmSimulator\node_modules\jest-circus\build\legacy-code-todo-rewrite\jestAdapter.js:79:19)
    at runTestInternal (C:\Users\user\Desktop\Kiro\AWS project\FinanceFarmSimulator\node_modules\jest-runner\build\runTest.js:367:16)
    at runTest (C:\Users\user\Desktop\Kiro\AWS project\FinanceFarmSimulator\node_modules\jest-runner\build\runTest.js:444:34)</failure>
    </testcase>
    <testcase classname="ParentalControlService linkChildAccount should throw error if link already exists" name="ParentalControlService linkChildAccount should throw error if link already exists" time="0.004">
      <failure>TypeError: Cannot read properties of undefined (reading &apos;mockReturnValue&apos;)
    at Object.mockReturnValue (C:\Users\user\Desktop\Kiro\AWS project\FinanceFarmSimulator\src\services\__tests__\ParentalControlService.test.ts:144:42)
    at Promise.then.completed (C:\Users\user\Desktop\Kiro\AWS project\FinanceFarmSimulator\node_modules\jest-circus\build\utils.js:298:28)
    at new Promise (&lt;anonymous&gt;)
    at callAsyncCircusFn (C:\Users\user\Desktop\Kiro\AWS project\FinanceFarmSimulator\node_modules\jest-circus\build\utils.js:231:10)
    at _callCircusHook (C:\Users\user\Desktop\Kiro\AWS project\FinanceFarmSimulator\node_modules\jest-circus\build\run.js:281:40)
    at _runTest (C:\Users\user\Desktop\Kiro\AWS project\FinanceFarmSimulator\node_modules\jest-circus\build\run.js:246:5)
    at _runTestsForDescribeBlock (C:\Users\user\Desktop\Kiro\AWS project\FinanceFarmSimulator\node_modules\jest-circus\build\run.js:126:9)
    at _runTestsForDescribeBlock (C:\Users\user\Desktop\Kiro\AWS project\FinanceFarmSimulator\node_modules\jest-circus\build\run.js:121:9)
    at _runTestsForDescribeBlock (C:\Users\user\Desktop\Kiro\AWS project\FinanceFarmSimulator\node_modules\jest-circus\build\run.js:121:9)
    at run (C:\Users\user\Desktop\Kiro\AWS project\FinanceFarmSimulator\node_modules\jest-circus\build\run.js:71:3)
    at runAndTransformResultsToJestFormat (C:\Users\user\Desktop\Kiro\AWS project\FinanceFarmSimulator\node_modules\jest-circus\build\legacy-code-todo-rewrite\jestAdapterInit.js:122:21)
    at jestAdapter (C:\Users\user\Desktop\Kiro\AWS project\FinanceFarmSimulator\node_modules\jest-circus\build\legacy-code-todo-rewrite\jestAdapter.js:79:19)
    at runTestInternal (C:\Users\user\Desktop\Kiro\AWS project\FinanceFarmSimulator\node_modules\jest-runner\build\runTest.js:367:16)
    at runTest (C:\Users\user\Desktop\Kiro\AWS project\FinanceFarmSimulator\node_modules\jest-runner\build\runTest.js:444:34)</failure>
    </testcase>
    <testcase classname="ParentalControlService requestApproval should create approval request for a child" name="ParentalControlService requestApproval should create approval request for a child" time="0.003">
      <failure>TypeError: Cannot read properties of undefined (reading &apos;mockReturnValue&apos;)
    at Object.mockReturnValue (C:\Users\user\Desktop\Kiro\AWS project\FinanceFarmSimulator\src\services\__tests__\ParentalControlService.test.ts:144:42)
    at Promise.then.completed (C:\Users\user\Desktop\Kiro\AWS project\FinanceFarmSimulator\node_modules\jest-circus\build\utils.js:298:28)
    at new Promise (&lt;anonymous&gt;)
    at callAsyncCircusFn (C:\Users\user\Desktop\Kiro\AWS project\FinanceFarmSimulator\node_modules\jest-circus\build\utils.js:231:10)
    at _callCircusHook (C:\Users\user\Desktop\Kiro\AWS project\FinanceFarmSimulator\node_modules\jest-circus\build\run.js:281:40)
    at _runTest (C:\Users\user\Desktop\Kiro\AWS project\FinanceFarmSimulator\node_modules\jest-circus\build\run.js:246:5)
    at _runTestsForDescribeBlock (C:\Users\user\Desktop\Kiro\AWS project\FinanceFarmSimulator\node_modules\jest-circus\build\run.js:126:9)
    at _runTestsForDescribeBlock (C:\Users\user\Desktop\Kiro\AWS project\FinanceFarmSimulator\node_modules\jest-circus\build\run.js:121:9)
    at _runTestsForDescribeBlock (C:\Users\user\Desktop\Kiro\AWS project\FinanceFarmSimulator\node_modules\jest-circus\build\run.js:121:9)
    at run (C:\Users\user\Desktop\Kiro\AWS project\FinanceFarmSimulator\node_modules\jest-circus\build\run.js:71:3)
    at runAndTransformResultsToJestFormat (C:\Users\user\Desktop\Kiro\AWS project\FinanceFarmSimulator\node_modules\jest-circus\build\legacy-code-todo-rewrite\jestAdapterInit.js:122:21)
    at jestAdapter (C:\Users\user\Desktop\Kiro\AWS project\FinanceFarmSimulator\node_modules\jest-circus\build\legacy-code-todo-rewrite\jestAdapter.js:79:19)
    at runTestInternal (C:\Users\user\Desktop\Kiro\AWS project\FinanceFarmSimulator\node_modules\jest-runner\build\runTest.js:367:16)
    at runTest (C:\Users\user\Desktop\Kiro\AWS project\FinanceFarmSimulator\node_modules\jest-runner\build\runTest.js:444:34)</failure>
    </testcase>
    <testcase classname="ParentalControlService requestApproval should throw error if child is not linked to any parent" name="ParentalControlService requestApproval should throw error if child is not linked to any parent" time="0.008">
      <failure>TypeError: Cannot read properties of undefined (reading &apos;mockReturnValue&apos;)
    at Object.mockReturnValue (C:\Users\user\Desktop\Kiro\AWS project\FinanceFarmSimulator\src\services\__tests__\ParentalControlService.test.ts:144:42)
    at Promise.then.completed (C:\Users\user\Desktop\Kiro\AWS project\FinanceFarmSimulator\node_modules\jest-circus\build\utils.js:298:28)
    at new Promise (&lt;anonymous&gt;)
    at callAsyncCircusFn (C:\Users\user\Desktop\Kiro\AWS project\FinanceFarmSimulator\node_modules\jest-circus\build\utils.js:231:10)
    at _callCircusHook (C:\Users\user\Desktop\Kiro\AWS project\FinanceFarmSimulator\node_modules\jest-circus\build\run.js:281:40)
    at _runTest (C:\Users\user\Desktop\Kiro\AWS project\FinanceFarmSimulator\node_modules\jest-circus\build\run.js:246:5)
    at _runTestsForDescribeBlock (C:\Users\user\Desktop\Kiro\AWS project\FinanceFarmSimulator\node_modules\jest-circus\build\run.js:126:9)
    at _runTestsForDescribeBlock (C:\Users\user\Desktop\Kiro\AWS project\FinanceFarmSimulator\node_modules\jest-circus\build\run.js:121:9)
    at _runTestsForDescribeBlock (C:\Users\user\Desktop\Kiro\AWS project\FinanceFarmSimulator\node_modules\jest-circus\build\run.js:121:9)
    at run (C:\Users\user\Desktop\Kiro\AWS project\FinanceFarmSimulator\node_modules\jest-circus\build\run.js:71:3)
    at runAndTransformResultsToJestFormat (C:\Users\user\Desktop\Kiro\AWS project\FinanceFarmSimulator\node_modules\jest-circus\build\legacy-code-todo-rewrite\jestAdapterInit.js:122:21)
    at jestAdapter (C:\Users\user\Desktop\Kiro\AWS project\FinanceFarmSimulator\node_modules\jest-circus\build\legacy-code-todo-rewrite\jestAdapter.js:79:19)
    at runTestInternal (C:\Users\user\Desktop\Kiro\AWS project\FinanceFarmSimulator\node_modules\jest-runner\build\runTest.js:367:16)
    at runTest (C:\Users\user\Desktop\Kiro\AWS project\FinanceFarmSimulator\node_modules\jest-runner\build\runTest.js:444:34)</failure>
    </testcase>
    <testcase classname="ParentalControlService approveRequest should approve a request and log activity" name="ParentalControlService approveRequest should approve a request and log activity" time="0.003">
      <failure>TypeError: Cannot read properties of undefined (reading &apos;mockReturnValue&apos;)
    at Object.mockReturnValue (C:\Users\user\Desktop\Kiro\AWS project\FinanceFarmSimulator\src\services\__tests__\ParentalControlService.test.ts:144:42)
    at Promise.then.completed (C:\Users\user\Desktop\Kiro\AWS project\FinanceFarmSimulator\node_modules\jest-circus\build\utils.js:298:28)
    at new Promise (&lt;anonymous&gt;)
    at callAsyncCircusFn (C:\Users\user\Desktop\Kiro\AWS project\FinanceFarmSimulator\node_modules\jest-circus\build\utils.js:231:10)
    at _callCircusHook (C:\Users\user\Desktop\Kiro\AWS project\FinanceFarmSimulator\node_modules\jest-circus\build\run.js:281:40)
    at _runTest (C:\Users\user\Desktop\Kiro\AWS project\FinanceFarmSimulator\node_modules\jest-circus\build\run.js:246:5)
    at _runTestsForDescribeBlock (C:\Users\user\Desktop\Kiro\AWS project\FinanceFarmSimulator\node_modules\jest-circus\build\run.js:126:9)
    at _runTestsForDescribeBlock (C:\Users\user\Desktop\Kiro\AWS project\FinanceFarmSimulator\node_modules\jest-circus\build\run.js:121:9)
    at _runTestsForDescribeBlock (C:\Users\user\Desktop\Kiro\AWS project\FinanceFarmSimulator\node_modules\jest-circus\build\run.js:121:9)
    at run (C:\Users\user\Desktop\Kiro\AWS project\FinanceFarmSimulator\node_modules\jest-circus\build\run.js:71:3)
    at runAndTransformResultsToJestFormat (C:\Users\user\Desktop\Kiro\AWS project\FinanceFarmSimulator\node_modules\jest-circus\build\legacy-code-todo-rewrite\jestAdapterInit.js:122:21)
    at jestAdapter (C:\Users\user\Desktop\Kiro\AWS project\FinanceFarmSimulator\node_modules\jest-circus\build\legacy-code-todo-rewrite\jestAdapter.js:79:19)
    at runTestInternal (C:\Users\user\Desktop\Kiro\AWS project\FinanceFarmSimulator\node_modules\jest-runner\build\runTest.js:367:16)
    at runTest (C:\Users\user\Desktop\Kiro\AWS project\FinanceFarmSimulator\node_modules\jest-runner\build\runTest.js:444:34)</failure>
    </testcase>
    <testcase classname="ParentalControlService setupAllowance should create allowance configuration for a child" name="ParentalControlService setupAllowance should create allowance configuration for a child" time="0.006">
      <failure>TypeError: Cannot read properties of undefined (reading &apos;mockReturnValue&apos;)
    at Object.mockReturnValue (C:\Users\user\Desktop\Kiro\AWS project\FinanceFarmSimulator\src\services\__tests__\ParentalControlService.test.ts:144:42)
    at Promise.then.completed (C:\Users\user\Desktop\Kiro\AWS project\FinanceFarmSimulator\node_modules\jest-circus\build\utils.js:298:28)
    at new Promise (&lt;anonymous&gt;)
    at callAsyncCircusFn (C:\Users\user\Desktop\Kiro\AWS project\FinanceFarmSimulator\node_modules\jest-circus\build\utils.js:231:10)
    at _callCircusHook (C:\Users\user\Desktop\Kiro\AWS project\FinanceFarmSimulator\node_modules\jest-circus\build\run.js:281:40)
    at _runTest (C:\Users\user\Desktop\Kiro\AWS project\FinanceFarmSimulator\node_modules\jest-circus\build\run.js:246:5)
    at _runTestsForDescribeBlock (C:\Users\user\Desktop\Kiro\AWS project\FinanceFarmSimulator\node_modules\jest-circus\build\run.js:126:9)
    at _runTestsForDescribeBlock (C:\Users\user\Desktop\Kiro\AWS project\FinanceFarmSimulator\node_modules\jest-circus\build\run.js:121:9)
    at _runTestsForDescribeBlock (C:\Users\user\Desktop\Kiro\AWS project\FinanceFarmSimulator\node_modules\jest-circus\build\run.js:121:9)
    at run (C:\Users\user\Desktop\Kiro\AWS project\FinanceFarmSimulator\node_modules\jest-circus\build\run.js:71:3)
    at runAndTransformResultsToJestFormat (C:\Users\user\Desktop\Kiro\AWS project\FinanceFarmSimulator\node_modules\jest-circus\build\legacy-code-todo-rewrite\jestAdapterInit.js:122:21)
    at jestAdapter (C:\Users\user\Desktop\Kiro\AWS project\FinanceFarmSimulator\node_modules\jest-circus\build\legacy-code-todo-rewrite\jestAdapter.js:79:19)
    at runTestInternal (C:\Users\user\Desktop\Kiro\AWS project\FinanceFarmSimulator\node_modules\jest-runner\build\runTest.js:367:16)
    at runTest (C:\Users\user\Desktop\Kiro\AWS project\FinanceFarmSimulator\node_modules\jest-runner\build\runTest.js:444:34)</failure>
    </testcase>
    <testcase classname="ParentalControlService setupAllowance should throw error if parent-child relationship not found" name="ParentalControlService setupAllowance should throw error if parent-child relationship not found" time="0.003">
      <failure>TypeError: Cannot read properties of undefined (reading &apos;mockReturnValue&apos;)
    at Object.mockReturnValue (C:\Users\user\Desktop\Kiro\AWS project\FinanceFarmSimulator\src\services\__tests__\ParentalControlService.test.ts:144:42)
    at Promise.then.completed (C:\Users\user\Desktop\Kiro\AWS project\FinanceFarmSimulator\node_modules\jest-circus\build\utils.js:298:28)
    at new Promise (&lt;anonymous&gt;)
    at callAsyncCircusFn (C:\Users\user\Desktop\Kiro\AWS project\FinanceFarmSimulator\node_modules\jest-circus\build\utils.js:231:10)
    at _callCircusHook (C:\Users\user\Desktop\Kiro\AWS project\FinanceFarmSimulator\node_modules\jest-circus\build\run.js:281:40)
    at _runTest (C:\Users\user\Desktop\Kiro\AWS project\FinanceFarmSimulator\node_modules\jest-circus\build\run.js:246:5)
    at _runTestsForDescribeBlock (C:\Users\user\Desktop\Kiro\AWS project\FinanceFarmSimulator\node_modules\jest-circus\build\run.js:126:9)
    at _runTestsForDescribeBlock (C:\Users\user\Desktop\Kiro\AWS project\FinanceFarmSimulator\node_modules\jest-circus\build\run.js:121:9)
    at _runTestsForDescribeBlock (C:\Users\user\Desktop\Kiro\AWS project\FinanceFarmSimulator\node_modules\jest-circus\build\run.js:121:9)
    at run (C:\Users\user\Desktop\Kiro\AWS project\FinanceFarmSimulator\node_modules\jest-circus\build\run.js:71:3)
    at runAndTransformResultsToJestFormat (C:\Users\user\Desktop\Kiro\AWS project\FinanceFarmSimulator\node_modules\jest-circus\build\legacy-code-todo-rewrite\jestAdapterInit.js:122:21)
    at jestAdapter (C:\Users\user\Desktop\Kiro\AWS project\FinanceFarmSimulator\node_modules\jest-circus\build\legacy-code-todo-rewrite\jestAdapter.js:79:19)
    at runTestInternal (C:\Users\user\Desktop\Kiro\AWS project\FinanceFarmSimulator\node_modules\jest-runner\build\runTest.js:367:16)
    at runTest (C:\Users\user\Desktop\Kiro\AWS project\FinanceFarmSimulator\node_modules\jest-runner\build\runTest.js:444:34)</failure>
    </testcase>
    <testcase classname="ParentalControlService createChore should create a chore for a child" name="ParentalControlService createChore should create a chore for a child" time="0.002">
      <failure>TypeError: Cannot read properties of undefined (reading &apos;mockReturnValue&apos;)
    at Object.mockReturnValue (C:\Users\user\Desktop\Kiro\AWS project\FinanceFarmSimulator\src\services\__tests__\ParentalControlService.test.ts:144:42)
    at Promise.then.completed (C:\Users\user\Desktop\Kiro\AWS project\FinanceFarmSimulator\node_modules\jest-circus\build\utils.js:298:28)
    at new Promise (&lt;anonymous&gt;)
    at callAsyncCircusFn (C:\Users\user\Desktop\Kiro\AWS project\FinanceFarmSimulator\node_modules\jest-circus\build\utils.js:231:10)
    at _callCircusHook (C:\Users\user\Desktop\Kiro\AWS project\FinanceFarmSimulator\node_modules\jest-circus\build\run.js:281:40)
    at _runTest (C:\Users\user\Desktop\Kiro\AWS project\FinanceFarmSimulator\node_modules\jest-circus\build\run.js:246:5)
    at _runTestsForDescribeBlock (C:\Users\user\Desktop\Kiro\AWS project\FinanceFarmSimulator\node_modules\jest-circus\build\run.js:126:9)
    at _runTestsForDescribeBlock (C:\Users\user\Desktop\Kiro\AWS project\FinanceFarmSimulator\node_modules\jest-circus\build\run.js:121:9)
    at _runTestsForDescribeBlock (C:\Users\user\Desktop\Kiro\AWS project\FinanceFarmSimulator\node_modules\jest-circus\build\run.js:121:9)
    at run (C:\Users\user\Desktop\Kiro\AWS project\FinanceFarmSimulator\node_modules\jest-circus\build\run.js:71:3)
    at runAndTransformResultsToJestFormat (C:\Users\user\Desktop\Kiro\AWS project\FinanceFarmSimulator\node_modules\jest-circus\build\legacy-code-todo-rewrite\jestAdapterInit.js:122:21)
    at jestAdapter (C:\Users\user\Desktop\Kiro\AWS project\FinanceFarmSimulator\node_modules\jest-circus\build\legacy-code-todo-rewrite\jestAdapter.js:79:19)
    at runTestInternal (C:\Users\user\Desktop\Kiro\AWS project\FinanceFarmSimulator\node_modules\jest-runner\build\runTest.js:367:16)
    at runTest (C:\Users\user\Desktop\Kiro\AWS project\FinanceFarmSimulator\node_modules\jest-runner\build\runTest.js:444:34)</failure>
    </testcase>
    <testcase classname="ParentalControlService completeChore should mark chore as completed and log activity" name="ParentalControlService completeChore should mark chore as completed and log activity" time="0.003">
      <failure>TypeError: Cannot read properties of undefined (reading &apos;mockReturnValue&apos;)
    at Object.mockReturnValue (C:\Users\user\Desktop\Kiro\AWS project\FinanceFarmSimulator\src\services\__tests__\ParentalControlService.test.ts:144:42)
    at Promise.then.completed (C:\Users\user\Desktop\Kiro\AWS project\FinanceFarmSimulator\node_modules\jest-circus\build\utils.js:298:28)
    at new Promise (&lt;anonymous&gt;)
    at callAsyncCircusFn (C:\Users\user\Desktop\Kiro\AWS project\FinanceFarmSimulator\node_modules\jest-circus\build\utils.js:231:10)
    at _callCircusHook (C:\Users\user\Desktop\Kiro\AWS project\FinanceFarmSimulator\node_modules\jest-circus\build\run.js:281:40)
    at _runTest (C:\Users\user\Desktop\Kiro\AWS project\FinanceFarmSimulator\node_modules\jest-circus\build\run.js:246:5)
    at _runTestsForDescribeBlock (C:\Users\user\Desktop\Kiro\AWS project\FinanceFarmSimulator\node_modules\jest-circus\build\run.js:126:9)
    at _runTestsForDescribeBlock (C:\Users\user\Desktop\Kiro\AWS project\FinanceFarmSimulator\node_modules\jest-circus\build\run.js:121:9)
    at _runTestsForDescribeBlock (C:\Users\user\Desktop\Kiro\AWS project\FinanceFarmSimulator\node_modules\jest-circus\build\run.js:121:9)
    at run (C:\Users\user\Desktop\Kiro\AWS project\FinanceFarmSimulator\node_modules\jest-circus\build\run.js:71:3)
    at runAndTransformResultsToJestFormat (C:\Users\user\Desktop\Kiro\AWS project\FinanceFarmSimulator\node_modules\jest-circus\build\legacy-code-todo-rewrite\jestAdapterInit.js:122:21)
    at jestAdapter (C:\Users\user\Desktop\Kiro\AWS project\FinanceFarmSimulator\node_modules\jest-circus\build\legacy-code-todo-rewrite\jestAdapter.js:79:19)
    at runTestInternal (C:\Users\user\Desktop\Kiro\AWS project\FinanceFarmSimulator\node_modules\jest-runner\build\runTest.js:367:16)
    at runTest (C:\Users\user\Desktop\Kiro\AWS project\FinanceFarmSimulator\node_modules\jest-runner\build\runTest.js:444:34)</failure>
    </testcase>
    <testcase classname="ParentalControlService completeChore should throw error if chore not found" name="ParentalControlService completeChore should throw error if chore not found" time="0.002">
      <failure>TypeError: Cannot read properties of undefined (reading &apos;mockReturnValue&apos;)
    at Object.mockReturnValue (C:\Users\user\Desktop\Kiro\AWS project\FinanceFarmSimulator\src\services\__tests__\ParentalControlService.test.ts:144:42)
    at Promise.then.completed (C:\Users\user\Desktop\Kiro\AWS project\FinanceFarmSimulator\node_modules\jest-circus\build\utils.js:298:28)
    at new Promise (&lt;anonymous&gt;)
    at callAsyncCircusFn (C:\Users\user\Desktop\Kiro\AWS project\FinanceFarmSimulator\node_modules\jest-circus\build\utils.js:231:10)
    at _callCircusHook (C:\Users\user\Desktop\Kiro\AWS project\FinanceFarmSimulator\node_modules\jest-circus\build\run.js:281:40)
    at _runTest (C:\Users\user\Desktop\Kiro\AWS project\FinanceFarmSimulator\node_modules\jest-circus\build\run.js:246:5)
    at _runTestsForDescribeBlock (C:\Users\user\Desktop\Kiro\AWS project\FinanceFarmSimulator\node_modules\jest-circus\build\run.js:126:9)
    at _runTestsForDescribeBlock (C:\Users\user\Desktop\Kiro\AWS project\FinanceFarmSimulator\node_modules\jest-circus\build\run.js:121:9)
    at _runTestsForDescribeBlock (C:\Users\user\Desktop\Kiro\AWS project\FinanceFarmSimulator\node_modules\jest-circus\build\run.js:121:9)
    at run (C:\Users\user\Desktop\Kiro\AWS project\FinanceFarmSimulator\node_modules\jest-circus\build\run.js:71:3)
    at runAndTransformResultsToJestFormat (C:\Users\user\Desktop\Kiro\AWS project\FinanceFarmSimulator\node_modules\jest-circus\build\legacy-code-todo-rewrite\jestAdapterInit.js:122:21)
    at jestAdapter (C:\Users\user\Desktop\Kiro\AWS project\FinanceFarmSimulator\node_modules\jest-circus\build\legacy-code-todo-rewrite\jestAdapter.js:79:19)
    at runTestInternal (C:\Users\user\Desktop\Kiro\AWS project\FinanceFarmSimulator\node_modules\jest-runner\build\runTest.js:367:16)
    at runTest (C:\Users\user\Desktop\Kiro\AWS project\FinanceFarmSimulator\node_modules\jest-runner\build\runTest.js:444:34)</failure>
    </testcase>
    <testcase classname="ParentalControlService approveChore should approve chore, create income, and log activity" name="ParentalControlService approveChore should approve chore, create income, and log activity" time="0.002">
      <failure>TypeError: Cannot read properties of undefined (reading &apos;mockReturnValue&apos;)
    at Object.mockReturnValue (C:\Users\user\Desktop\Kiro\AWS project\FinanceFarmSimulator\src\services\__tests__\ParentalControlService.test.ts:144:42)
    at Promise.then.completed (C:\Users\user\Desktop\Kiro\AWS project\FinanceFarmSimulator\node_modules\jest-circus\build\utils.js:298:28)
    at new Promise (&lt;anonymous&gt;)
    at callAsyncCircusFn (C:\Users\user\Desktop\Kiro\AWS project\FinanceFarmSimulator\node_modules\jest-circus\build\utils.js:231:10)
    at _callCircusHook (C:\Users\user\Desktop\Kiro\AWS project\FinanceFarmSimulator\node_modules\jest-circus\build\run.js:281:40)
    at _runTest (C:\Users\user\Desktop\Kiro\AWS project\FinanceFarmSimulator\node_modules\jest-circus\build\run.js:246:5)
    at _runTestsForDescribeBlock (C:\Users\user\Desktop\Kiro\AWS project\FinanceFarmSimulator\node_modules\jest-circus\build\run.js:126:9)
    at _runTestsForDescribeBlock (C:\Users\user\Desktop\Kiro\AWS project\FinanceFarmSimulator\node_modules\jest-circus\build\run.js:121:9)
    at _runTestsForDescribeBlock (C:\Users\user\Desktop\Kiro\AWS project\FinanceFarmSimulator\node_modules\jest-circus\build\run.js:121:9)
    at run (C:\Users\user\Desktop\Kiro\AWS project\FinanceFarmSimulator\node_modules\jest-circus\build\run.js:71:3)
    at runAndTransformResultsToJestFormat (C:\Users\user\Desktop\Kiro\AWS project\FinanceFarmSimulator\node_modules\jest-circus\build\legacy-code-todo-rewrite\jestAdapterInit.js:122:21)
    at jestAdapter (C:\Users\user\Desktop\Kiro\AWS project\FinanceFarmSimulator\node_modules\jest-circus\build\legacy-code-todo-rewrite\jestAdapter.js:79:19)
    at runTestInternal (C:\Users\user\Desktop\Kiro\AWS project\FinanceFarmSimulator\node_modules\jest-runner\build\runTest.js:367:16)
    at runTest (C:\Users\user\Desktop\Kiro\AWS project\FinanceFarmSimulator\node_modules\jest-runner\build\runTest.js:444:34)</failure>
    </testcase>
    <testcase classname="ParentalControlService approveChore should create recurring instances for recurring chores" name="ParentalControlService approveChore should create recurring instances for recurring chores" time="0.003">
      <failure>TypeError: Cannot read properties of undefined (reading &apos;mockReturnValue&apos;)
    at Object.mockReturnValue (C:\Users\user\Desktop\Kiro\AWS project\FinanceFarmSimulator\src\services\__tests__\ParentalControlService.test.ts:144:42)
    at Promise.then.completed (C:\Users\user\Desktop\Kiro\AWS project\FinanceFarmSimulator\node_modules\jest-circus\build\utils.js:298:28)
    at new Promise (&lt;anonymous&gt;)
    at callAsyncCircusFn (C:\Users\user\Desktop\Kiro\AWS project\FinanceFarmSimulator\node_modules\jest-circus\build\utils.js:231:10)
    at _callCircusHook (C:\Users\user\Desktop\Kiro\AWS project\FinanceFarmSimulator\node_modules\jest-circus\build\run.js:281:40)
    at _runTest (C:\Users\user\Desktop\Kiro\AWS project\FinanceFarmSimulator\node_modules\jest-circus\build\run.js:246:5)
    at _runTestsForDescribeBlock (C:\Users\user\Desktop\Kiro\AWS project\FinanceFarmSimulator\node_modules\jest-circus\build\run.js:126:9)
    at _runTestsForDescribeBlock (C:\Users\user\Desktop\Kiro\AWS project\FinanceFarmSimulator\node_modules\jest-circus\build\run.js:121:9)
    at _runTestsForDescribeBlock (C:\Users\user\Desktop\Kiro\AWS project\FinanceFarmSimulator\node_modules\jest-circus\build\run.js:121:9)
    at run (C:\Users\user\Desktop\Kiro\AWS project\FinanceFarmSimulator\node_modules\jest-circus\build\run.js:71:3)
    at runAndTransformResultsToJestFormat (C:\Users\user\Desktop\Kiro\AWS project\FinanceFarmSimulator\node_modules\jest-circus\build\legacy-code-todo-rewrite\jestAdapterInit.js:122:21)
    at jestAdapter (C:\Users\user\Desktop\Kiro\AWS project\FinanceFarmSimulator\node_modules\jest-circus\build\legacy-code-todo-rewrite\jestAdapter.js:79:19)
    at runTestInternal (C:\Users\user\Desktop\Kiro\AWS project\FinanceFarmSimulator\node_modules\jest-runner\build\runTest.js:367:16)
    at runTest (C:\Users\user\Desktop\Kiro\AWS project\FinanceFarmSimulator\node_modules\jest-runner\build\runTest.js:444:34)</failure>
    </testcase>
    <testcase classname="ParentalControlService validateChildAction should allow action if no restrictions are violated" name="ParentalControlService validateChildAction should allow action if no restrictions are violated" time="0.002">
      <failure>TypeError: Cannot read properties of undefined (reading &apos;mockReturnValue&apos;)
    at Object.mockReturnValue (C:\Users\user\Desktop\Kiro\AWS project\FinanceFarmSimulator\src\services\__tests__\ParentalControlService.test.ts:144:42)
    at Promise.then.completed (C:\Users\user\Desktop\Kiro\AWS project\FinanceFarmSimulator\node_modules\jest-circus\build\utils.js:298:28)
    at new Promise (&lt;anonymous&gt;)
    at callAsyncCircusFn (C:\Users\user\Desktop\Kiro\AWS project\FinanceFarmSimulator\node_modules\jest-circus\build\utils.js:231:10)
    at _callCircusHook (C:\Users\user\Desktop\Kiro\AWS project\FinanceFarmSimulator\node_modules\jest-circus\build\run.js:281:40)
    at _runTest (C:\Users\user\Desktop\Kiro\AWS project\FinanceFarmSimulator\node_modules\jest-circus\build\run.js:246:5)
    at _runTestsForDescribeBlock (C:\Users\user\Desktop\Kiro\AWS project\FinanceFarmSimulator\node_modules\jest-circus\build\run.js:126:9)
    at _runTestsForDescribeBlock (C:\Users\user\Desktop\Kiro\AWS project\FinanceFarmSimulator\node_modules\jest-circus\build\run.js:121:9)
    at _runTestsForDescribeBlock (C:\Users\user\Desktop\Kiro\AWS project\FinanceFarmSimulator\node_modules\jest-circus\build\run.js:121:9)
    at run (C:\Users\user\Desktop\Kiro\AWS project\FinanceFarmSimulator\node_modules\jest-circus\build\run.js:71:3)
    at runAndTransformResultsToJestFormat (C:\Users\user\Desktop\Kiro\AWS project\FinanceFarmSimulator\node_modules\jest-circus\build\legacy-code-todo-rewrite\jestAdapterInit.js:122:21)
    at jestAdapter (C:\Users\user\Desktop\Kiro\AWS project\FinanceFarmSimulator\node_modules\jest-circus\build\legacy-code-todo-rewrite\jestAdapter.js:79:19)
    at runTestInternal (C:\Users\user\Desktop\Kiro\AWS project\FinanceFarmSimulator\node_modules\jest-runner\build\runTest.js:367:16)
    at runTest (C:\Users\user\Desktop\Kiro\AWS project\FinanceFarmSimulator\node_modules\jest-runner\build\runTest.js:444:34)</failure>
    </testcase>
    <testcase classname="ParentalControlService validateChildAction should deny action if restriction is violated" name="ParentalControlService validateChildAction should deny action if restriction is violated" time="0.005">
      <failure>TypeError: Cannot read properties of undefined (reading &apos;mockReturnValue&apos;)
    at Object.mockReturnValue (C:\Users\user\Desktop\Kiro\AWS project\FinanceFarmSimulator\src\services\__tests__\ParentalControlService.test.ts:144:42)
    at Promise.then.completed (C:\Users\user\Desktop\Kiro\AWS project\FinanceFarmSimulator\node_modules\jest-circus\build\utils.js:298:28)
    at new Promise (&lt;anonymous&gt;)
    at callAsyncCircusFn (C:\Users\user\Desktop\Kiro\AWS project\FinanceFarmSimulator\node_modules\jest-circus\build\utils.js:231:10)
    at _callCircusHook (C:\Users\user\Desktop\Kiro\AWS project\FinanceFarmSimulator\node_modules\jest-circus\build\run.js:281:40)
    at _runTest (C:\Users\user\Desktop\Kiro\AWS project\FinanceFarmSimulator\node_modules\jest-circus\build\run.js:246:5)
    at _runTestsForDescribeBlock (C:\Users\user\Desktop\Kiro\AWS project\FinanceFarmSimulator\node_modules\jest-circus\build\run.js:126:9)
    at _runTestsForDescribeBlock (C:\Users\user\Desktop\Kiro\AWS project\FinanceFarmSimulator\node_modules\jest-circus\build\run.js:121:9)
    at _runTestsForDescribeBlock (C:\Users\user\Desktop\Kiro\AWS project\FinanceFarmSimulator\node_modules\jest-circus\build\run.js:121:9)
    at run (C:\Users\user\Desktop\Kiro\AWS project\FinanceFarmSimulator\node_modules\jest-circus\build\run.js:71:3)
    at runAndTransformResultsToJestFormat (C:\Users\user\Desktop\Kiro\AWS project\FinanceFarmSimulator\node_modules\jest-circus\build\legacy-code-todo-rewrite\jestAdapterInit.js:122:21)
    at jestAdapter (C:\Users\user\Desktop\Kiro\AWS project\FinanceFarmSimulator\node_modules\jest-circus\build\legacy-code-todo-rewrite\jestAdapter.js:79:19)
    at runTestInternal (C:\Users\user\Desktop\Kiro\AWS project\FinanceFarmSimulator\node_modules\jest-runner\build\runTest.js:367:16)
    at runTest (C:\Users\user\Desktop\Kiro\AWS project\FinanceFarmSimulator\node_modules\jest-runner\build\runTest.js:444:34)</failure>
    </testcase>
    <testcase classname="ParentalControlService getChildReport should return comprehensive child report" name="ParentalControlService getChildReport should return comprehensive child report" time="0.003">
      <failure>TypeError: Cannot read properties of undefined (reading &apos;mockReturnValue&apos;)
    at Object.mockReturnValue (C:\Users\user\Desktop\Kiro\AWS project\FinanceFarmSimulator\src\services\__tests__\ParentalControlService.test.ts:144:42)
    at Promise.then.completed (C:\Users\user\Desktop\Kiro\AWS project\FinanceFarmSimulator\node_modules\jest-circus\build\utils.js:298:28)
    at new Promise (&lt;anonymous&gt;)
    at callAsyncCircusFn (C:\Users\user\Desktop\Kiro\AWS project\FinanceFarmSimulator\node_modules\jest-circus\build\utils.js:231:10)
    at _callCircusHook (C:\Users\user\Desktop\Kiro\AWS project\FinanceFarmSimulator\node_modules\jest-circus\build\run.js:281:40)
    at _runTest (C:\Users\user\Desktop\Kiro\AWS project\FinanceFarmSimulator\node_modules\jest-circus\build\run.js:246:5)
    at _runTestsForDescribeBlock (C:\Users\user\Desktop\Kiro\AWS project\FinanceFarmSimulator\node_modules\jest-circus\build\run.js:126:9)
    at _runTestsForDescribeBlock (C:\Users\user\Desktop\Kiro\AWS project\FinanceFarmSimulator\node_modules\jest-circus\build\run.js:121:9)
    at _runTestsForDescribeBlock (C:\Users\user\Desktop\Kiro\AWS project\FinanceFarmSimulator\node_modules\jest-circus\build\run.js:121:9)
    at run (C:\Users\user\Desktop\Kiro\AWS project\FinanceFarmSimulator\node_modules\jest-circus\build\run.js:71:3)
    at runAndTransformResultsToJestFormat (C:\Users\user\Desktop\Kiro\AWS project\FinanceFarmSimulator\node_modules\jest-circus\build\legacy-code-todo-rewrite\jestAdapterInit.js:122:21)
    at jestAdapter (C:\Users\user\Desktop\Kiro\AWS project\FinanceFarmSimulator\node_modules\jest-circus\build\legacy-code-todo-rewrite\jestAdapter.js:79:19)
    at runTestInternal (C:\Users\user\Desktop\Kiro\AWS project\FinanceFarmSimulator\node_modules\jest-runner\build\runTest.js:367:16)
    at runTest (C:\Users\user\Desktop\Kiro\AWS project\FinanceFarmSimulator\node_modules\jest-runner\build\runTest.js:444:34)</failure>
    </testcase>
    <testcase classname="ParentalControlService getChildReport should throw error if child not found" name="ParentalControlService getChildReport should throw error if child not found" time="0.002">
      <failure>TypeError: Cannot read properties of undefined (reading &apos;mockReturnValue&apos;)
    at Object.mockReturnValue (C:\Users\user\Desktop\Kiro\AWS project\FinanceFarmSimulator\src\services\__tests__\ParentalControlService.test.ts:144:42)
    at Promise.then.completed (C:\Users\user\Desktop\Kiro\AWS project\FinanceFarmSimulator\node_modules\jest-circus\build\utils.js:298:28)
    at new Promise (&lt;anonymous&gt;)
    at callAsyncCircusFn (C:\Users\user\Desktop\Kiro\AWS project\FinanceFarmSimulator\node_modules\jest-circus\build\utils.js:231:10)
    at _callCircusHook (C:\Users\user\Desktop\Kiro\AWS project\FinanceFarmSimulator\node_modules\jest-circus\build\run.js:281:40)
    at _runTest (C:\Users\user\Desktop\Kiro\AWS project\FinanceFarmSimulator\node_modules\jest-circus\build\run.js:246:5)
    at _runTestsForDescribeBlock (C:\Users\user\Desktop\Kiro\AWS project\FinanceFarmSimulator\node_modules\jest-circus\build\run.js:126:9)
    at _runTestsForDescribeBlock (C:\Users\user\Desktop\Kiro\AWS project\FinanceFarmSimulator\node_modules\jest-circus\build\run.js:121:9)
    at _runTestsForDescribeBlock (C:\Users\user\Desktop\Kiro\AWS project\FinanceFarmSimulator\node_modules\jest-circus\build\run.js:121:9)
    at run (C:\Users\user\Desktop\Kiro\AWS project\FinanceFarmSimulator\node_modules\jest-circus\build\run.js:71:3)
    at runAndTransformResultsToJestFormat (C:\Users\user\Desktop\Kiro\AWS project\FinanceFarmSimulator\node_modules\jest-circus\build\legacy-code-todo-rewrite\jestAdapterInit.js:122:21)
    at jestAdapter (C:\Users\user\Desktop\Kiro\AWS project\FinanceFarmSimulator\node_modules\jest-circus\build\legacy-code-todo-rewrite\jestAdapter.js:79:19)
    at runTestInternal (C:\Users\user\Desktop\Kiro\AWS project\FinanceFarmSimulator\node_modules\jest-runner\build\runTest.js:367:16)
    at runTest (C:\Users\user\Desktop\Kiro\AWS project\FinanceFarmSimulator\node_modules\jest-runner\build\runTest.js:444:34)</failure>
    </testcase>
    <testcase classname="ParentalControlService processDueAllowances should process due allowances and create income records" name="ParentalControlService processDueAllowances should process due allowances and create income records" time="0.003">
      <failure>TypeError: Cannot read properties of undefined (reading &apos;mockReturnValue&apos;)
    at Object.mockReturnValue (C:\Users\user\Desktop\Kiro\AWS project\FinanceFarmSimulator\src\services\__tests__\ParentalControlService.test.ts:144:42)
    at Promise.then.completed (C:\Users\user\Desktop\Kiro\AWS project\FinanceFarmSimulator\node_modules\jest-circus\build\utils.js:298:28)
    at new Promise (&lt;anonymous&gt;)
    at callAsyncCircusFn (C:\Users\user\Desktop\Kiro\AWS project\FinanceFarmSimulator\node_modules\jest-circus\build\utils.js:231:10)
    at _callCircusHook (C:\Users\user\Desktop\Kiro\AWS project\FinanceFarmSimulator\node_modules\jest-circus\build\run.js:281:40)
    at _runTest (C:\Users\user\Desktop\Kiro\AWS project\FinanceFarmSimulator\node_modules\jest-circus\build\run.js:246:5)
    at _runTestsForDescribeBlock (C:\Users\user\Desktop\Kiro\AWS project\FinanceFarmSimulator\node_modules\jest-circus\build\run.js:126:9)
    at _runTestsForDescribeBlock (C:\Users\user\Desktop\Kiro\AWS project\FinanceFarmSimulator\node_modules\jest-circus\build\run.js:121:9)
    at _runTestsForDescribeBlock (C:\Users\user\Desktop\Kiro\AWS project\FinanceFarmSimulator\node_modules\jest-circus\build\run.js:121:9)
    at run (C:\Users\user\Desktop\Kiro\AWS project\FinanceFarmSimulator\node_modules\jest-circus\build\run.js:71:3)
    at runAndTransformResultsToJestFormat (C:\Users\user\Desktop\Kiro\AWS project\FinanceFarmSimulator\node_modules\jest-circus\build\legacy-code-todo-rewrite\jestAdapterInit.js:122:21)
    at jestAdapter (C:\Users\user\Desktop\Kiro\AWS project\FinanceFarmSimulator\node_modules\jest-circus\build\legacy-code-todo-rewrite\jestAdapter.js:79:19)
    at runTestInternal (C:\Users\user\Desktop\Kiro\AWS project\FinanceFarmSimulator\node_modules\jest-runner\build\runTest.js:367:16)
    at runTest (C:\Users\user\Desktop\Kiro\AWS project\FinanceFarmSimulator\node_modules\jest-runner\build\runTest.js:444:34)</failure>
    </testcase>
    <testcase classname="ParentalControlService processDueAllowances should handle errors gracefully and continue processing" name="ParentalControlService processDueAllowances should handle errors gracefully and continue processing" time="0.003">
      <failure>TypeError: Cannot read properties of undefined (reading &apos;mockReturnValue&apos;)
    at Object.mockReturnValue (C:\Users\user\Desktop\Kiro\AWS project\FinanceFarmSimulator\src\services\__tests__\ParentalControlService.test.ts:144:42)
    at Promise.then.completed (C:\Users\user\Desktop\Kiro\AWS project\FinanceFarmSimulator\node_modules\jest-circus\build\utils.js:298:28)
    at new Promise (&lt;anonymous&gt;)
    at callAsyncCircusFn (C:\Users\user\Desktop\Kiro\AWS project\FinanceFarmSimulator\node_modules\jest-circus\build\utils.js:231:10)
    at _callCircusHook (C:\Users\user\Desktop\Kiro\AWS project\FinanceFarmSimulator\node_modules\jest-circus\build\run.js:281:40)
    at _runTest (C:\Users\user\Desktop\Kiro\AWS project\FinanceFarmSimulator\node_modules\jest-circus\build\run.js:246:5)
    at _runTestsForDescribeBlock (C:\Users\user\Desktop\Kiro\AWS project\FinanceFarmSimulator\node_modules\jest-circus\build\run.js:126:9)
    at _runTestsForDescribeBlock (C:\Users\user\Desktop\Kiro\AWS project\FinanceFarmSimulator\node_modules\jest-circus\build\run.js:121:9)
    at _runTestsForDescribeBlock (C:\Users\user\Desktop\Kiro\AWS project\FinanceFarmSimulator\node_modules\jest-circus\build\run.js:121:9)
    at run (C:\Users\user\Desktop\Kiro\AWS project\FinanceFarmSimulator\node_modules\jest-circus\build\run.js:71:3)
    at runAndTransformResultsToJestFormat (C:\Users\user\Desktop\Kiro\AWS project\FinanceFarmSimulator\node_modules\jest-circus\build\legacy-code-todo-rewrite\jestAdapterInit.js:122:21)
    at jestAdapter (C:\Users\user\Desktop\Kiro\AWS project\FinanceFarmSimulator\node_modules\jest-circus\build\legacy-code-todo-rewrite\jestAdapter.js:79:19)
    at runTestInternal (C:\Users\user\Desktop\Kiro\AWS project\FinanceFarmSimulator\node_modules\jest-runner\build\runTest.js:367:16)
    at runTest (C:\Users\user\Desktop\Kiro\AWS project\FinanceFarmSimulator\node_modules\jest-runner\build\runTest.js:444:34)</failure>
    </testcase>
  </testsuite>
  <testsuite name="AuthService" errors="0" failures="16" skipped="0" timestamp="2025-09-29T19:07:28" time="1.915" tests="20">
    <testcase classname="AuthService register should successfully register a new adult user" name="AuthService register should successfully register a new adult user" time="0.011">
      <failure>TypeError: (0 , _firebase.getFirebaseAuth) is not a function
    at AuthService.&lt;anonymous&gt; (C:\Users\user\Desktop\Kiro\AWS project\FinanceFarmSimulator\src\services\AuthService.ts:76:24)
    at Generator.next (&lt;anonymous&gt;)
    at asyncGeneratorStep (C:\Users\user\Desktop\Kiro\AWS project\FinanceFarmSimulator\node_modules\@babel\runtime\helpers\asyncToGenerator.js:3:17)
    at _next (C:\Users\user\Desktop\Kiro\AWS project\FinanceFarmSimulator\node_modules\@babel\runtime\helpers\asyncToGenerator.js:17:9)
    at C:\Users\user\Desktop\Kiro\AWS project\FinanceFarmSimulator\node_modules\@babel\runtime\helpers\asyncToGenerator.js:22:7
    at new Promise (&lt;anonymous&gt;)
    at AuthService.&lt;anonymous&gt; (C:\Users\user\Desktop\Kiro\AWS project\FinanceFarmSimulator\node_modules\@babel\runtime\helpers\asyncToGenerator.js:14:12)
    at AuthService.apply [as register] (C:\Users\user\Desktop\Kiro\AWS project\FinanceFarmSimulator\src\services\AuthService.ts:64:17)
    at Object.register (C:\Users\user\Desktop\Kiro\AWS project\FinanceFarmSimulator\src\services\__tests__\AuthService.test.ts:96:40)
    at Generator.next (&lt;anonymous&gt;)
    at asyncGeneratorStep (C:\Users\user\Desktop\Kiro\AWS project\FinanceFarmSimulator\node_modules\@babel\runtime\helpers\asyncToGenerator.js:3:17)
    at _next (C:\Users\user\Desktop\Kiro\AWS project\FinanceFarmSimulator\node_modules\@babel\runtime\helpers\asyncToGenerator.js:17:9)
    at C:\Users\user\Desktop\Kiro\AWS project\FinanceFarmSimulator\node_modules\@babel\runtime\helpers\asyncToGenerator.js:22:7
    at new Promise (&lt;anonymous&gt;)
    at Object.&lt;anonymous&gt; (C:\Users\user\Desktop\Kiro\AWS project\FinanceFarmSimulator\node_modules\@babel\runtime\helpers\asyncToGenerator.js:14:12)
    at Promise.then.completed (C:\Users\user\Desktop\Kiro\AWS project\FinanceFarmSimulator\node_modules\jest-circus\build\utils.js:298:28)
    at new Promise (&lt;anonymous&gt;)
    at callAsyncCircusFn (C:\Users\user\Desktop\Kiro\AWS project\FinanceFarmSimulator\node_modules\jest-circus\build\utils.js:231:10)
    at _callCircusTest (C:\Users\user\Desktop\Kiro\AWS project\FinanceFarmSimulator\node_modules\jest-circus\build\run.js:316:40)
    at _runTest (C:\Users\user\Desktop\Kiro\AWS project\FinanceFarmSimulator\node_modules\jest-circus\build\run.js:252:3)
    at _runTestsForDescribeBlock (C:\Users\user\Desktop\Kiro\AWS project\FinanceFarmSimulator\node_modules\jest-circus\build\run.js:126:9)
    at _runTestsForDescribeBlock (C:\Users\user\Desktop\Kiro\AWS project\FinanceFarmSimulator\node_modules\jest-circus\build\run.js:121:9)
    at _runTestsForDescribeBlock (C:\Users\user\Desktop\Kiro\AWS project\FinanceFarmSimulator\node_modules\jest-circus\build\run.js:121:9)
    at run (C:\Users\user\Desktop\Kiro\AWS project\FinanceFarmSimulator\node_modules\jest-circus\build\run.js:71:3)
    at runAndTransformResultsToJestFormat (C:\Users\user\Desktop\Kiro\AWS project\FinanceFarmSimulator\node_modules\jest-circus\build\legacy-code-todo-rewrite\jestAdapterInit.js:122:21)
    at jestAdapter (C:\Users\user\Desktop\Kiro\AWS project\FinanceFarmSimulator\node_modules\jest-circus\build\legacy-code-todo-rewrite\jestAdapter.js:79:19)
    at runTestInternal (C:\Users\user\Desktop\Kiro\AWS project\FinanceFarmSimulator\node_modules\jest-runner\build\runTest.js:367:16)
    at runTest (C:\Users\user\Desktop\Kiro\AWS project\FinanceFarmSimulator\node_modules\jest-runner\build\runTest.js:444:34)</failure>
    </testcase>
    <testcase classname="AuthService register should throw error for child user without parent account" name="AuthService register should throw error for child user without parent account" time="0.021">
    </testcase>
    <testcase classname="AuthService register should successfully register a child user with parent account" name="AuthService register should successfully register a child user with parent account" time="0.009">
      <failure>TypeError: (0 , _firebase.getFirebaseAuth) is not a function
    at AuthService.&lt;anonymous&gt; (C:\Users\user\Desktop\Kiro\AWS project\FinanceFarmSimulator\src\services\AuthService.ts:76:24)
    at Generator.next (&lt;anonymous&gt;)
    at asyncGeneratorStep (C:\Users\user\Desktop\Kiro\AWS project\FinanceFarmSimulator\node_modules\@babel\runtime\helpers\asyncToGenerator.js:3:17)
    at _next (C:\Users\user\Desktop\Kiro\AWS project\FinanceFarmSimulator\node_modules\@babel\runtime\helpers\asyncToGenerator.js:17:9)
    at C:\Users\user\Desktop\Kiro\AWS project\FinanceFarmSimulator\node_modules\@babel\runtime\helpers\asyncToGenerator.js:22:7
    at new Promise (&lt;anonymous&gt;)
    at AuthService.&lt;anonymous&gt; (C:\Users\user\Desktop\Kiro\AWS project\FinanceFarmSimulator\node_modules\@babel\runtime\helpers\asyncToGenerator.js:14:12)
    at AuthService.apply [as register] (C:\Users\user\Desktop\Kiro\AWS project\FinanceFarmSimulator\src\services\AuthService.ts:64:17)
    at Object.register (C:\Users\user\Desktop\Kiro\AWS project\FinanceFarmSimulator\src\services\__tests__\AuthService.test.ts:146:40)
    at Generator.next (&lt;anonymous&gt;)
    at asyncGeneratorStep (C:\Users\user\Desktop\Kiro\AWS project\FinanceFarmSimulator\node_modules\@babel\runtime\helpers\asyncToGenerator.js:3:17)
    at _next (C:\Users\user\Desktop\Kiro\AWS project\FinanceFarmSimulator\node_modules\@babel\runtime\helpers\asyncToGenerator.js:17:9)
    at C:\Users\user\Desktop\Kiro\AWS project\FinanceFarmSimulator\node_modules\@babel\runtime\helpers\asyncToGenerator.js:22:7
    at new Promise (&lt;anonymous&gt;)
    at Object.&lt;anonymous&gt; (C:\Users\user\Desktop\Kiro\AWS project\FinanceFarmSimulator\node_modules\@babel\runtime\helpers\asyncToGenerator.js:14:12)
    at Promise.then.completed (C:\Users\user\Desktop\Kiro\AWS project\FinanceFarmSimulator\node_modules\jest-circus\build\utils.js:298:28)
    at new Promise (&lt;anonymous&gt;)
    at callAsyncCircusFn (C:\Users\user\Desktop\Kiro\AWS project\FinanceFarmSimulator\node_modules\jest-circus\build\utils.js:231:10)
    at _callCircusTest (C:\Users\user\Desktop\Kiro\AWS project\FinanceFarmSimulator\node_modules\jest-circus\build\run.js:316:40)
    at _runTest (C:\Users\user\Desktop\Kiro\AWS project\FinanceFarmSimulator\node_modules\jest-circus\build\run.js:252:3)
    at _runTestsForDescribeBlock (C:\Users\user\Desktop\Kiro\AWS project\FinanceFarmSimulator\node_modules\jest-circus\build\run.js:126:9)
    at _runTestsForDescribeBlock (C:\Users\user\Desktop\Kiro\AWS project\FinanceFarmSimulator\node_modules\jest-circus\build\run.js:121:9)
    at _runTestsForDescribeBlock (C:\Users\user\Desktop\Kiro\AWS project\FinanceFarmSimulator\node_modules\jest-circus\build\run.js:121:9)
    at run (C:\Users\user\Desktop\Kiro\AWS project\FinanceFarmSimulator\node_modules\jest-circus\build\run.js:71:3)
    at runAndTransformResultsToJestFormat (C:\Users\user\Desktop\Kiro\AWS project\FinanceFarmSimulator\node_modules\jest-circus\build\legacy-code-todo-rewrite\jestAdapterInit.js:122:21)
    at jestAdapter (C:\Users\user\Desktop\Kiro\AWS project\FinanceFarmSimulator\node_modules\jest-circus\build\legacy-code-todo-rewrite\jestAdapter.js:79:19)
    at runTestInternal (C:\Users\user\Desktop\Kiro\AWS project\FinanceFarmSimulator\node_modules\jest-runner\build\runTest.js:367:16)
    at runTest (C:\Users\user\Desktop\Kiro\AWS project\FinanceFarmSimulator\node_modules\jest-runner\build\runTest.js:444:34)</failure>
    </testcase>
    <testcase classname="AuthService register should handle registration errors" name="AuthService register should handle registration errors" time="0.05">
      <failure>Error: expect(received).rejects.toThrow(expected)

Expected substring: &quot;An account with this email already exists&quot;
Received message:   &quot;(0 , _firebase.getFirebaseAuth) is not a function&quot;

      74 |       // Create Firebase user
      75 |       const userCredential = await createUserWithEmailAndPassword(
    &gt; 76 |         getFirebaseAuth(),
         |                        ^
      77 |         validatedCredentials.email,
      78 |         validatedCredentials.password
      79 |       );

      at AuthService.&lt;anonymous&gt; (src/services/AuthService.ts:76:24)
      at asyncGeneratorStep (node_modules/@babel/runtime/helpers/asyncToGenerator.js:3:17)
      at _next (node_modules/@babel/runtime/helpers/asyncToGenerator.js:17:9)
      at node_modules/@babel/runtime/helpers/asyncToGenerator.js:22:7
      at AuthService.&lt;anonymous&gt; (node_modules/@babel/runtime/helpers/asyncToGenerator.js:14:12)
      at AuthService.apply [as register] (src/services/AuthService.ts:64:17)
      at Object.register (src/services/__tests__/AuthService.test.ts:160:32)
      at asyncGeneratorStep (node_modules/@babel/runtime/helpers/asyncToGenerator.js:3:17)
      at _next (node_modules/@babel/runtime/helpers/asyncToGenerator.js:17:9)
      at node_modules/@babel/runtime/helpers/asyncToGenerator.js:22:7
      at Object.&lt;anonymous&gt; (node_modules/@babel/runtime/helpers/asyncToGenerator.js:14:12)
    at Object.toThrow (C:\Users\user\Desktop\Kiro\AWS project\FinanceFarmSimulator\node_modules\@jest\expect\node_modules\expect\build\index.js:218:22)
    at Object.toThrow (C:\Users\user\Desktop\Kiro\AWS project\FinanceFarmSimulator\src\services\__tests__\AuthService.test.ts:160:75)
    at Generator.next (&lt;anonymous&gt;)
    at asyncGeneratorStep (C:\Users\user\Desktop\Kiro\AWS project\FinanceFarmSimulator\node_modules\@babel\runtime\helpers\asyncToGenerator.js:3:17)
    at _next (C:\Users\user\Desktop\Kiro\AWS project\FinanceFarmSimulator\node_modules\@babel\runtime\helpers\asyncToGenerator.js:17:9)
    at C:\Users\user\Desktop\Kiro\AWS project\FinanceFarmSimulator\node_modules\@babel\runtime\helpers\asyncToGenerator.js:22:7
    at new Promise (&lt;anonymous&gt;)
    at Object.&lt;anonymous&gt; (C:\Users\user\Desktop\Kiro\AWS project\FinanceFarmSimulator\node_modules\@babel\runtime\helpers\asyncToGenerator.js:14:12)
    at Promise.then.completed (C:\Users\user\Desktop\Kiro\AWS project\FinanceFarmSimulator\node_modules\jest-circus\build\utils.js:298:28)
    at new Promise (&lt;anonymous&gt;)
    at callAsyncCircusFn (C:\Users\user\Desktop\Kiro\AWS project\FinanceFarmSimulator\node_modules\jest-circus\build\utils.js:231:10)
    at _callCircusTest (C:\Users\user\Desktop\Kiro\AWS project\FinanceFarmSimulator\node_modules\jest-circus\build\run.js:316:40)
    at _runTest (C:\Users\user\Desktop\Kiro\AWS project\FinanceFarmSimulator\node_modules\jest-circus\build\run.js:252:3)
    at _runTestsForDescribeBlock (C:\Users\user\Desktop\Kiro\AWS project\FinanceFarmSimulator\node_modules\jest-circus\build\run.js:126:9)
    at _runTestsForDescribeBlock (C:\Users\user\Desktop\Kiro\AWS project\FinanceFarmSimulator\node_modules\jest-circus\build\run.js:121:9)
    at _runTestsForDescribeBlock (C:\Users\user\Desktop\Kiro\AWS project\FinanceFarmSimulator\node_modules\jest-circus\build\run.js:121:9)
    at run (C:\Users\user\Desktop\Kiro\AWS project\FinanceFarmSimulator\node_modules\jest-circus\build\run.js:71:3)
    at runAndTransformResultsToJestFormat (C:\Users\user\Desktop\Kiro\AWS project\FinanceFarmSimulator\node_modules\jest-circus\build\legacy-code-todo-rewrite\jestAdapterInit.js:122:21)
    at jestAdapter (C:\Users\user\Desktop\Kiro\AWS project\FinanceFarmSimulator\node_modules\jest-circus\build\legacy-code-todo-rewrite\jestAdapter.js:79:19)
    at runTestInternal (C:\Users\user\Desktop\Kiro\AWS project\FinanceFarmSimulator\node_modules\jest-runner\build\runTest.js:367:16)
    at runTest (C:\Users\user\Desktop\Kiro\AWS project\FinanceFarmSimulator\node_modules\jest-runner\build\runTest.js:444:34)</failure>
    </testcase>
    <testcase classname="AuthService login should successfully login a user" name="AuthService login should successfully login a user" time="0.007">
      <failure>TypeError: (0 , _firebase.getFirebaseAuth) is not a function
    at AuthService.&lt;anonymous&gt; (C:\Users\user\Desktop\Kiro\AWS project\FinanceFarmSimulator\src\services\AuthService.ts:128:24)
    at Generator.next (&lt;anonymous&gt;)
    at asyncGeneratorStep (C:\Users\user\Desktop\Kiro\AWS project\FinanceFarmSimulator\node_modules\@babel\runtime\helpers\asyncToGenerator.js:3:17)
    at _next (C:\Users\user\Desktop\Kiro\AWS project\FinanceFarmSimulator\node_modules\@babel\runtime\helpers\asyncToGenerator.js:17:9)
    at C:\Users\user\Desktop\Kiro\AWS project\FinanceFarmSimulator\node_modules\@babel\runtime\helpers\asyncToGenerator.js:22:7
    at new Promise (&lt;anonymous&gt;)
    at AuthService.&lt;anonymous&gt; (C:\Users\user\Desktop\Kiro\AWS project\FinanceFarmSimulator\node_modules\@babel\runtime\helpers\asyncToGenerator.js:14:12)
    at AuthService.apply (C:\Users\user\Desktop\Kiro\AWS project\FinanceFarmSimulator\src\services\AuthService.ts:121:14)
    at Object.login (C:\Users\user\Desktop\Kiro\AWS project\FinanceFarmSimulator\src\services\__tests__\AuthService.test.ts:182:40)
    at Generator.next (&lt;anonymous&gt;)
    at asyncGeneratorStep (C:\Users\user\Desktop\Kiro\AWS project\FinanceFarmSimulator\node_modules\@babel\runtime\helpers\asyncToGenerator.js:3:17)
    at _next (C:\Users\user\Desktop\Kiro\AWS project\FinanceFarmSimulator\node_modules\@babel\runtime\helpers\asyncToGenerator.js:17:9)
    at C:\Users\user\Desktop\Kiro\AWS project\FinanceFarmSimulator\node_modules\@babel\runtime\helpers\asyncToGenerator.js:22:7
    at new Promise (&lt;anonymous&gt;)
    at Object.&lt;anonymous&gt; (C:\Users\user\Desktop\Kiro\AWS project\FinanceFarmSimulator\node_modules\@babel\runtime\helpers\asyncToGenerator.js:14:12)
    at Promise.then.completed (C:\Users\user\Desktop\Kiro\AWS project\FinanceFarmSimulator\node_modules\jest-circus\build\utils.js:298:28)
    at new Promise (&lt;anonymous&gt;)
    at callAsyncCircusFn (C:\Users\user\Desktop\Kiro\AWS project\FinanceFarmSimulator\node_modules\jest-circus\build\utils.js:231:10)
    at _callCircusTest (C:\Users\user\Desktop\Kiro\AWS project\FinanceFarmSimulator\node_modules\jest-circus\build\run.js:316:40)
    at _runTest (C:\Users\user\Desktop\Kiro\AWS project\FinanceFarmSimulator\node_modules\jest-circus\build\run.js:252:3)
    at _runTestsForDescribeBlock (C:\Users\user\Desktop\Kiro\AWS project\FinanceFarmSimulator\node_modules\jest-circus\build\run.js:126:9)
    at _runTestsForDescribeBlock (C:\Users\user\Desktop\Kiro\AWS project\FinanceFarmSimulator\node_modules\jest-circus\build\run.js:121:9)
    at _runTestsForDescribeBlock (C:\Users\user\Desktop\Kiro\AWS project\FinanceFarmSimulator\node_modules\jest-circus\build\run.js:121:9)
    at run (C:\Users\user\Desktop\Kiro\AWS project\FinanceFarmSimulator\node_modules\jest-circus\build\run.js:71:3)
    at runAndTransformResultsToJestFormat (C:\Users\user\Desktop\Kiro\AWS project\FinanceFarmSimulator\node_modules\jest-circus\build\legacy-code-todo-rewrite\jestAdapterInit.js:122:21)
    at jestAdapter (C:\Users\user\Desktop\Kiro\AWS project\FinanceFarmSimulator\node_modules\jest-circus\build\legacy-code-todo-rewrite\jestAdapter.js:79:19)
    at runTestInternal (C:\Users\user\Desktop\Kiro\AWS project\FinanceFarmSimulator\node_modules\jest-runner\build\runTest.js:367:16)
    at runTest (C:\Users\user\Desktop\Kiro\AWS project\FinanceFarmSimulator\node_modules\jest-runner\build\runTest.js:444:34)</failure>
    </testcase>
    <testcase classname="AuthService login should throw error if user profile not found" name="AuthService login should throw error if user profile not found" time="0.054">
      <failure>Error: expect(received).rejects.toThrow(expected)

Expected substring: &quot;User profile not found&quot;
Received message:   &quot;(0 , _firebase.getFirebaseAuth) is not a function&quot;

      126 |       // Sign in with Firebase
      127 |       const userCredential = await signInWithEmailAndPassword(
    &gt; 128 |         getFirebaseAuth(),
          |                        ^
      129 |         validatedCredentials.email,
      130 |         validatedCredentials.password
      131 |       );

      at AuthService.&lt;anonymous&gt; (src/services/AuthService.ts:128:24)
      at asyncGeneratorStep (node_modules/@babel/runtime/helpers/asyncToGenerator.js:3:17)
      at _next (node_modules/@babel/runtime/helpers/asyncToGenerator.js:17:9)
      at node_modules/@babel/runtime/helpers/asyncToGenerator.js:22:7
      at AuthService.&lt;anonymous&gt; (node_modules/@babel/runtime/helpers/asyncToGenerator.js:14:12)
      at AuthService.apply (src/services/AuthService.ts:121:14)
      at Object.login (src/services/__tests__/AuthService.test.ts:202:32)
      at asyncGeneratorStep (node_modules/@babel/runtime/helpers/asyncToGenerator.js:3:17)
      at _next (node_modules/@babel/runtime/helpers/asyncToGenerator.js:17:9)
      at node_modules/@babel/runtime/helpers/asyncToGenerator.js:22:7
      at Object.&lt;anonymous&gt; (node_modules/@babel/runtime/helpers/asyncToGenerator.js:14:12)
    at Object.toThrow (C:\Users\user\Desktop\Kiro\AWS project\FinanceFarmSimulator\node_modules\@jest\expect\node_modules\expect\build\index.js:218:22)
    at Object.toThrow (C:\Users\user\Desktop\Kiro\AWS project\FinanceFarmSimulator\src\services\__tests__\AuthService.test.ts:202:69)
    at Generator.next (&lt;anonymous&gt;)
    at asyncGeneratorStep (C:\Users\user\Desktop\Kiro\AWS project\FinanceFarmSimulator\node_modules\@babel\runtime\helpers\asyncToGenerator.js:3:17)
    at _next (C:\Users\user\Desktop\Kiro\AWS project\FinanceFarmSimulator\node_modules\@babel\runtime\helpers\asyncToGenerator.js:17:9)
    at C:\Users\user\Desktop\Kiro\AWS project\FinanceFarmSimulator\node_modules\@babel\runtime\helpers\asyncToGenerator.js:22:7
    at new Promise (&lt;anonymous&gt;)
    at Object.&lt;anonymous&gt; (C:\Users\user\Desktop\Kiro\AWS project\FinanceFarmSimulator\node_modules\@babel\runtime\helpers\asyncToGenerator.js:14:12)
    at Promise.then.completed (C:\Users\user\Desktop\Kiro\AWS project\FinanceFarmSimulator\node_modules\jest-circus\build\utils.js:298:28)
    at new Promise (&lt;anonymous&gt;)
    at callAsyncCircusFn (C:\Users\user\Desktop\Kiro\AWS project\FinanceFarmSimulator\node_modules\jest-circus\build\utils.js:231:10)
    at _callCircusTest (C:\Users\user\Desktop\Kiro\AWS project\FinanceFarmSimulator\node_modules\jest-circus\build\run.js:316:40)
    at _runTest (C:\Users\user\Desktop\Kiro\AWS project\FinanceFarmSimulator\node_modules\jest-circus\build\run.js:252:3)
    at _runTestsForDescribeBlock (C:\Users\user\Desktop\Kiro\AWS project\FinanceFarmSimulator\node_modules\jest-circus\build\run.js:126:9)
    at _runTestsForDescribeBlock (C:\Users\user\Desktop\Kiro\AWS project\FinanceFarmSimulator\node_modules\jest-circus\build\run.js:121:9)
    at _runTestsForDescribeBlock (C:\Users\user\Desktop\Kiro\AWS project\FinanceFarmSimulator\node_modules\jest-circus\build\run.js:121:9)
    at run (C:\Users\user\Desktop\Kiro\AWS project\FinanceFarmSimulator\node_modules\jest-circus\build\run.js:71:3)
    at runAndTransformResultsToJestFormat (C:\Users\user\Desktop\Kiro\AWS project\FinanceFarmSimulator\node_modules\jest-circus\build\legacy-code-todo-rewrite\jestAdapterInit.js:122:21)
    at jestAdapter (C:\Users\user\Desktop\Kiro\AWS project\FinanceFarmSimulator\node_modules\jest-circus\build\legacy-code-todo-rewrite\jestAdapter.js:79:19)
    at runTestInternal (C:\Users\user\Desktop\Kiro\AWS project\FinanceFarmSimulator\node_modules\jest-runner\build\runTest.js:367:16)
    at runTest (C:\Users\user\Desktop\Kiro\AWS project\FinanceFarmSimulator\node_modules\jest-runner\build\runTest.js:444:34)</failure>
    </testcase>
    <testcase classname="AuthService login should handle login errors" name="AuthService login should handle login errors" time="0.051">
      <failure>Error: expect(received).rejects.toThrow(expected)

Expected substring: &quot;No account found with this email address&quot;
Received message:   &quot;(0 , _firebase.getFirebaseAuth) is not a function&quot;

      126 |       // Sign in with Firebase
      127 |       const userCredential = await signInWithEmailAndPassword(
    &gt; 128 |         getFirebaseAuth(),
          |                        ^
      129 |         validatedCredentials.email,
      130 |         validatedCredentials.password
      131 |       );

      at AuthService.&lt;anonymous&gt; (src/services/AuthService.ts:128:24)
      at asyncGeneratorStep (node_modules/@babel/runtime/helpers/asyncToGenerator.js:3:17)
      at _next (node_modules/@babel/runtime/helpers/asyncToGenerator.js:17:9)
      at node_modules/@babel/runtime/helpers/asyncToGenerator.js:22:7
      at AuthService.&lt;anonymous&gt; (node_modules/@babel/runtime/helpers/asyncToGenerator.js:14:12)
      at AuthService.apply (src/services/AuthService.ts:121:14)
      at Object.login (src/services/__tests__/AuthService.test.ts:215:32)
      at asyncGeneratorStep (node_modules/@babel/runtime/helpers/asyncToGenerator.js:3:17)
      at _next (node_modules/@babel/runtime/helpers/asyncToGenerator.js:17:9)
      at node_modules/@babel/runtime/helpers/asyncToGenerator.js:22:7
      at Object.&lt;anonymous&gt; (node_modules/@babel/runtime/helpers/asyncToGenerator.js:14:12)
    at Object.toThrow (C:\Users\user\Desktop\Kiro\AWS project\FinanceFarmSimulator\node_modules\@jest\expect\node_modules\expect\build\index.js:218:22)
    at Object.toThrow (C:\Users\user\Desktop\Kiro\AWS project\FinanceFarmSimulator\src\services\__tests__\AuthService.test.ts:215:69)
    at Generator.next (&lt;anonymous&gt;)
    at asyncGeneratorStep (C:\Users\user\Desktop\Kiro\AWS project\FinanceFarmSimulator\node_modules\@babel\runtime\helpers\asyncToGenerator.js:3:17)
    at _next (C:\Users\user\Desktop\Kiro\AWS project\FinanceFarmSimulator\node_modules\@babel\runtime\helpers\asyncToGenerator.js:17:9)
    at C:\Users\user\Desktop\Kiro\AWS project\FinanceFarmSimulator\node_modules\@babel\runtime\helpers\asyncToGenerator.js:22:7
    at new Promise (&lt;anonymous&gt;)
    at Object.&lt;anonymous&gt; (C:\Users\user\Desktop\Kiro\AWS project\FinanceFarmSimulator\node_modules\@babel\runtime\helpers\asyncToGenerator.js:14:12)
    at Promise.then.completed (C:\Users\user\Desktop\Kiro\AWS project\FinanceFarmSimulator\node_modules\jest-circus\build\utils.js:298:28)
    at new Promise (&lt;anonymous&gt;)
    at callAsyncCircusFn (C:\Users\user\Desktop\Kiro\AWS project\FinanceFarmSimulator\node_modules\jest-circus\build\utils.js:231:10)
    at _callCircusTest (C:\Users\user\Desktop\Kiro\AWS project\FinanceFarmSimulator\node_modules\jest-circus\build\run.js:316:40)
    at _runTest (C:\Users\user\Desktop\Kiro\AWS project\FinanceFarmSimulator\node_modules\jest-circus\build\run.js:252:3)
    at _runTestsForDescribeBlock (C:\Users\user\Desktop\Kiro\AWS project\FinanceFarmSimulator\node_modules\jest-circus\build\run.js:126:9)
    at _runTestsForDescribeBlock (C:\Users\user\Desktop\Kiro\AWS project\FinanceFarmSimulator\node_modules\jest-circus\build\run.js:121:9)
    at _runTestsForDescribeBlock (C:\Users\user\Desktop\Kiro\AWS project\FinanceFarmSimulator\node_modules\jest-circus\build\run.js:121:9)
    at run (C:\Users\user\Desktop\Kiro\AWS project\FinanceFarmSimulator\node_modules\jest-circus\build\run.js:71:3)
    at runAndTransformResultsToJestFormat (C:\Users\user\Desktop\Kiro\AWS project\FinanceFarmSimulator\node_modules\jest-circus\build\legacy-code-todo-rewrite\jestAdapterInit.js:122:21)
    at jestAdapter (C:\Users\user\Desktop\Kiro\AWS project\FinanceFarmSimulator\node_modules\jest-circus\build\legacy-code-todo-rewrite\jestAdapter.js:79:19)
    at runTestInternal (C:\Users\user\Desktop\Kiro\AWS project\FinanceFarmSimulator\node_modules\jest-runner\build\runTest.js:367:16)
    at runTest (C:\Users\user\Desktop\Kiro\AWS project\FinanceFarmSimulator\node_modules\jest-runner\build\runTest.js:444:34)</failure>
    </testcase>
    <testcase classname="AuthService logout should successfully logout a user" name="AuthService logout should successfully logout a user" time="0.002">
      <failure>TypeError: (0 , _firebase.getFirebaseAuth) is not a function
    at AuthService.&lt;anonymous&gt; (C:\Users\user\Desktop\Kiro\AWS project\FinanceFarmSimulator\src\services\AuthService.ts:190:36)
    at Generator.next (&lt;anonymous&gt;)
    at asyncGeneratorStep (C:\Users\user\Desktop\Kiro\AWS project\FinanceFarmSimulator\node_modules\@babel\runtime\helpers\asyncToGenerator.js:3:17)
    at _next (C:\Users\user\Desktop\Kiro\AWS project\FinanceFarmSimulator\node_modules\@babel\runtime\helpers\asyncToGenerator.js:17:9)
    at C:\Users\user\Desktop\Kiro\AWS project\FinanceFarmSimulator\node_modules\@babel\runtime\helpers\asyncToGenerator.js:22:7
    at new Promise (&lt;anonymous&gt;)
    at AuthService.&lt;anonymous&gt; (C:\Users\user\Desktop\Kiro\AWS project\FinanceFarmSimulator\node_modules\@babel\runtime\helpers\asyncToGenerator.js:14:12)
    at AuthService.apply [as logout] (C:\Users\user\Desktop\Kiro\AWS project\FinanceFarmSimulator\src\services\AuthService.ts:188:15)
    at Object.logout (C:\Users\user\Desktop\Kiro\AWS project\FinanceFarmSimulator\src\services\__tests__\AuthService.test.ts:229:25)
    at Generator.next (&lt;anonymous&gt;)
    at asyncGeneratorStep (C:\Users\user\Desktop\Kiro\AWS project\FinanceFarmSimulator\node_modules\@babel\runtime\helpers\asyncToGenerator.js:3:17)
    at _next (C:\Users\user\Desktop\Kiro\AWS project\FinanceFarmSimulator\node_modules\@babel\runtime\helpers\asyncToGenerator.js:17:9)
    at C:\Users\user\Desktop\Kiro\AWS project\FinanceFarmSimulator\node_modules\@babel\runtime\helpers\asyncToGenerator.js:22:7
    at new Promise (&lt;anonymous&gt;)
    at Object.&lt;anonymous&gt; (C:\Users\user\Desktop\Kiro\AWS project\FinanceFarmSimulator\node_modules\@babel\runtime\helpers\asyncToGenerator.js:14:12)
    at Promise.then.completed (C:\Users\user\Desktop\Kiro\AWS project\FinanceFarmSimulator\node_modules\jest-circus\build\utils.js:298:28)
    at new Promise (&lt;anonymous&gt;)
    at callAsyncCircusFn (C:\Users\user\Desktop\Kiro\AWS project\FinanceFarmSimulator\node_modules\jest-circus\build\utils.js:231:10)
    at _callCircusTest (C:\Users\user\Desktop\Kiro\AWS project\FinanceFarmSimulator\node_modules\jest-circus\build\run.js:316:40)
    at _runTest (C:\Users\user\Desktop\Kiro\AWS project\FinanceFarmSimulator\node_modules\jest-circus\build\run.js:252:3)
    at _runTestsForDescribeBlock (C:\Users\user\Desktop\Kiro\AWS project\FinanceFarmSimulator\node_modules\jest-circus\build\run.js:126:9)
    at _runTestsForDescribeBlock (C:\Users\user\Desktop\Kiro\AWS project\FinanceFarmSimulator\node_modules\jest-circus\build\run.js:121:9)
    at _runTestsForDescribeBlock (C:\Users\user\Desktop\Kiro\AWS project\FinanceFarmSimulator\node_modules\jest-circus\build\run.js:121:9)
    at run (C:\Users\user\Desktop\Kiro\AWS project\FinanceFarmSimulator\node_modules\jest-circus\build\run.js:71:3)
    at runAndTransformResultsToJestFormat (C:\Users\user\Desktop\Kiro\AWS project\FinanceFarmSimulator\node_modules\jest-circus\build\legacy-code-todo-rewrite\jestAdapterInit.js:122:21)
    at jestAdapter (C:\Users\user\Desktop\Kiro\AWS project\FinanceFarmSimulator\node_modules\jest-circus\build\legacy-code-todo-rewrite\jestAdapter.js:79:19)
    at runTestInternal (C:\Users\user\Desktop\Kiro\AWS project\FinanceFarmSimulator\node_modules\jest-runner\build\runTest.js:367:16)
    at runTest (C:\Users\user\Desktop\Kiro\AWS project\FinanceFarmSimulator\node_modules\jest-runner\build\runTest.js:444:34)</failure>
    </testcase>
    <testcase classname="AuthService getCurrentUser should return null when no user is authenticated" name="AuthService getCurrentUser should return null when no user is authenticated" time="0.312">
    </testcase>
    <testcase classname="AuthService getCurrentUser should return user from stored session if valid" name="AuthService getCurrentUser should return user from stored session if valid" time="0.01">
      <failure>Error: expect(received).not.toBeNull()

Received: null
    at Object.toBeNull (C:\Users\user\Desktop\Kiro\AWS project\FinanceFarmSimulator\src\services\__tests__\AuthService.test.ts:266:26)
    at Generator.next (&lt;anonymous&gt;)
    at asyncGeneratorStep (C:\Users\user\Desktop\Kiro\AWS project\FinanceFarmSimulator\node_modules\@babel\runtime\helpers\asyncToGenerator.js:3:17)
    at _next (C:\Users\user\Desktop\Kiro\AWS project\FinanceFarmSimulator\node_modules\@babel\runtime\helpers\asyncToGenerator.js:17:9)</failure>
    </testcase>
    <testcase classname="AuthService updateUserProfile should successfully update user profile" name="AuthService updateUserProfile should successfully update user profile" time="0.008">
      <failure>TypeError: (0 , _firebase.getFirebaseFirestore) is not a function
    at AuthService.&lt;anonymous&gt; (C:\Users\user\Desktop\Kiro\AWS project\FinanceFarmSimulator\src\services\AuthService.ts:252:47)
    at Generator.next (&lt;anonymous&gt;)
    at asyncGeneratorStep (C:\Users\user\Desktop\Kiro\AWS project\FinanceFarmSimulator\node_modules\@babel\runtime\helpers\asyncToGenerator.js:3:17)
    at _next (C:\Users\user\Desktop\Kiro\AWS project\FinanceFarmSimulator\node_modules\@babel\runtime\helpers\asyncToGenerator.js:17:9)
    at C:\Users\user\Desktop\Kiro\AWS project\FinanceFarmSimulator\node_modules\@babel\runtime\helpers\asyncToGenerator.js:22:7
    at new Promise (&lt;anonymous&gt;)
    at AuthService.&lt;anonymous&gt; (C:\Users\user\Desktop\Kiro\AWS project\FinanceFarmSimulator\node_modules\@babel\runtime\helpers\asyncToGenerator.js:14:12)
    at AuthService.apply [as updateUserProfile] (C:\Users\user\Desktop\Kiro\AWS project\FinanceFarmSimulator\src\services\AuthService.ts:247:26)
    at Object.updateUserProfile (C:\Users\user\Desktop\Kiro\AWS project\FinanceFarmSimulator\src\services\__tests__\AuthService.test.ts:292:25)
    at Generator.next (&lt;anonymous&gt;)
    at asyncGeneratorStep (C:\Users\user\Desktop\Kiro\AWS project\FinanceFarmSimulator\node_modules\@babel\runtime\helpers\asyncToGenerator.js:3:17)
    at _next (C:\Users\user\Desktop\Kiro\AWS project\FinanceFarmSimulator\node_modules\@babel\runtime\helpers\asyncToGenerator.js:17:9)
    at C:\Users\user\Desktop\Kiro\AWS project\FinanceFarmSimulator\node_modules\@babel\runtime\helpers\asyncToGenerator.js:22:7
    at new Promise (&lt;anonymous&gt;)
    at Object.&lt;anonymous&gt; (C:\Users\user\Desktop\Kiro\AWS project\FinanceFarmSimulator\node_modules\@babel\runtime\helpers\asyncToGenerator.js:14:12)
    at Promise.then.completed (C:\Users\user\Desktop\Kiro\AWS project\FinanceFarmSimulator\node_modules\jest-circus\build\utils.js:298:28)
    at new Promise (&lt;anonymous&gt;)
    at callAsyncCircusFn (C:\Users\user\Desktop\Kiro\AWS project\FinanceFarmSimulator\node_modules\jest-circus\build\utils.js:231:10)
    at _callCircusTest (C:\Users\user\Desktop\Kiro\AWS project\FinanceFarmSimulator\node_modules\jest-circus\build\run.js:316:40)
    at _runTest (C:\Users\user\Desktop\Kiro\AWS project\FinanceFarmSimulator\node_modules\jest-circus\build\run.js:252:3)
    at _runTestsForDescribeBlock (C:\Users\user\Desktop\Kiro\AWS project\FinanceFarmSimulator\node_modules\jest-circus\build\run.js:126:9)
    at _runTestsForDescribeBlock (C:\Users\user\Desktop\Kiro\AWS project\FinanceFarmSimulator\node_modules\jest-circus\build\run.js:121:9)
    at _runTestsForDescribeBlock (C:\Users\user\Desktop\Kiro\AWS project\FinanceFarmSimulator\node_modules\jest-circus\build\run.js:121:9)
    at run (C:\Users\user\Desktop\Kiro\AWS project\FinanceFarmSimulator\node_modules\jest-circus\build\run.js:71:3)
    at runAndTransformResultsToJestFormat (C:\Users\user\Desktop\Kiro\AWS project\FinanceFarmSimulator\node_modules\jest-circus\build\legacy-code-todo-rewrite\jestAdapterInit.js:122:21)
    at jestAdapter (C:\Users\user\Desktop\Kiro\AWS project\FinanceFarmSimulator\node_modules\jest-circus\build\legacy-code-todo-rewrite\jestAdapter.js:79:19)
    at runTestInternal (C:\Users\user\Desktop\Kiro\AWS project\FinanceFarmSimulator\node_modules\jest-runner\build\runTest.js:367:16)
    at runTest (C:\Users\user\Desktop\Kiro\AWS project\FinanceFarmSimulator\node_modules\jest-runner\build\runTest.js:444:34)</failure>
    </testcase>
    <testcase classname="AuthService changePassword should successfully change password" name="AuthService changePassword should successfully change password" time="0.005">
      <failure>TypeError: (0 , _firebase.getFirebaseAuth) is not a function
    at AuthService.&lt;anonymous&gt; (C:\Users\user\Desktop\Kiro\AWS project\FinanceFarmSimulator\src\services\AuthService.ts:270:43)
    at Generator.next (&lt;anonymous&gt;)
    at asyncGeneratorStep (C:\Users\user\Desktop\Kiro\AWS project\FinanceFarmSimulator\node_modules\@babel\runtime\helpers\asyncToGenerator.js:3:17)
    at _next (C:\Users\user\Desktop\Kiro\AWS project\FinanceFarmSimulator\node_modules\@babel\runtime\helpers\asyncToGenerator.js:17:9)
    at C:\Users\user\Desktop\Kiro\AWS project\FinanceFarmSimulator\node_modules\@babel\runtime\helpers\asyncToGenerator.js:22:7
    at new Promise (&lt;anonymous&gt;)
    at AuthService.&lt;anonymous&gt; (C:\Users\user\Desktop\Kiro\AWS project\FinanceFarmSimulator\node_modules\@babel\runtime\helpers\asyncToGenerator.js:14:12)
    at AuthService.apply [as changePassword] (C:\Users\user\Desktop\Kiro\AWS project\FinanceFarmSimulator\src\services\AuthService.ts:268:23)
    at Object.changePassword (C:\Users\user\Desktop\Kiro\AWS project\FinanceFarmSimulator\src\services\__tests__\AuthService.test.ts:308:25)
    at Generator.next (&lt;anonymous&gt;)
    at asyncGeneratorStep (C:\Users\user\Desktop\Kiro\AWS project\FinanceFarmSimulator\node_modules\@babel\runtime\helpers\asyncToGenerator.js:3:17)
    at _next (C:\Users\user\Desktop\Kiro\AWS project\FinanceFarmSimulator\node_modules\@babel\runtime\helpers\asyncToGenerator.js:17:9)
    at C:\Users\user\Desktop\Kiro\AWS project\FinanceFarmSimulator\node_modules\@babel\runtime\helpers\asyncToGenerator.js:22:7
    at new Promise (&lt;anonymous&gt;)
    at Object.&lt;anonymous&gt; (C:\Users\user\Desktop\Kiro\AWS project\FinanceFarmSimulator\node_modules\@babel\runtime\helpers\asyncToGenerator.js:14:12)
    at Promise.then.completed (C:\Users\user\Desktop\Kiro\AWS project\FinanceFarmSimulator\node_modules\jest-circus\build\utils.js:298:28)
    at new Promise (&lt;anonymous&gt;)
    at callAsyncCircusFn (C:\Users\user\Desktop\Kiro\AWS project\FinanceFarmSimulator\node_modules\jest-circus\build\utils.js:231:10)
    at _callCircusTest (C:\Users\user\Desktop\Kiro\AWS project\FinanceFarmSimulator\node_modules\jest-circus\build\run.js:316:40)
    at _runTest (C:\Users\user\Desktop\Kiro\AWS project\FinanceFarmSimulator\node_modules\jest-circus\build\run.js:252:3)
    at _runTestsForDescribeBlock (C:\Users\user\Desktop\Kiro\AWS project\FinanceFarmSimulator\node_modules\jest-circus\build\run.js:126:9)
    at _runTestsForDescribeBlock (C:\Users\user\Desktop\Kiro\AWS project\FinanceFarmSimulator\node_modules\jest-circus\build\run.js:121:9)
    at _runTestsForDescribeBlock (C:\Users\user\Desktop\Kiro\AWS project\FinanceFarmSimulator\node_modules\jest-circus\build\run.js:121:9)
    at run (C:\Users\user\Desktop\Kiro\AWS project\FinanceFarmSimulator\node_modules\jest-circus\build\run.js:71:3)
[...]
    at _runTestsForDescribeBlock (C:\Users\user\Desktop\Kiro\AWS project\FinanceFarmSimulator\node_modules\jest-circus\build\run.js:121:9)
    at _runTestsForDescribeBlock (C:\Users\user\Desktop\Kiro\AWS project\FinanceFarmSimulator\node_modules\jest-circus\build\run.js:121:9)
    at run (C:\Users\user\Desktop\Kiro\AWS project\FinanceFarmSimulator\node_modules\jest-circus\build\run.js:71:3)
    at runAndTransformResultsToJestFormat (C:\Users\user\Desktop\Kiro\AWS project\FinanceFarmSimulator\node_modules\jest-circus\build\legacy-code-todo-rewrite\jestAdapterInit.js:122:21)
    at jestAdapter (C:\Users\user\Desktop\Kiro\AWS project\FinanceFarmSimulator\node_modules\jest-circus\build\legacy-code-todo-rewrite\jestAdapter.js:79:19)
    at runTestInternal (C:\Users\user\Desktop\Kiro\AWS project\FinanceFarmSimulator\node_modules\jest-runner\build\runTest.js:367:16)
    at runTest (C:\Users\user\Desktop\Kiro\AWS project\FinanceFarmSimulator\node_modules\jest-runner\build\runTest.js:444:34)</failure>
    </testcase>
    <testcase classname="Business Logic Calculations calculateGrowthRate should handle overdue goals" name="Business Logic Calculations calculateGrowthRate should handle overdue goals" time="0.01">
    </testcase>
    <testcase classname="Business Logic Calculations calculateFertilizerBoost should apply correct fertilizer boost formula" name="Business Logic Calculations calculateFertilizerBoost should apply correct fertilizer boost formula" time="0.002">
    </testcase>
    <testcase classname="Business Logic Calculations calculateFertilizerBoost should handle zero income" name="Business Logic Calculations calculateFertilizerBoost should handle zero income" time="0.002">
    </testcase>
    <testcase classname="Business Logic Calculations calculateFertilizerBoost should handle zero multiplier" name="Business Logic Calculations calculateFertilizerBoost should handle zero multiplier" time="0.003">
    </testcase>
    <testcase classname="Business Logic Calculations calculateWeedPenalty should calculate penalty for budget overrun" name="Business Logic Calculations calculateWeedPenalty should calculate penalty for budget overrun" time="0.002">
      <failure>TypeError: (0 , _calculations.calculateWeedPenalty) is not a function
    at Object.&lt;anonymous&gt; (C:\Users\user\Desktop\Kiro\AWS project\FinanceFarmSimulator\src\utils\__tests__\businessLogic.test.ts:79:43)
    at Promise.then.completed (C:\Users\user\Desktop\Kiro\AWS project\FinanceFarmSimulator\node_modules\jest-circus\build\utils.js:298:28)
    at new Promise (&lt;anonymous&gt;)
    at callAsyncCircusFn (C:\Users\user\Desktop\Kiro\AWS project\FinanceFarmSimulator\node_modules\jest-circus\build\utils.js:231:10)
    at _callCircusTest (C:\Users\user\Desktop\Kiro\AWS project\FinanceFarmSimulator\node_modules\jest-circus\build\run.js:316:40)
    at _runTest (C:\Users\user\Desktop\Kiro\AWS project\FinanceFarmSimulator\node_modules\jest-circus\build\run.js:252:3)
    at _runTestsForDescribeBlock (C:\Users\user\Desktop\Kiro\AWS project\FinanceFarmSimulator\node_modules\jest-circus\build\run.js:126:9)
    at _runTestsForDescribeBlock (C:\Users\user\Desktop\Kiro\AWS project\FinanceFarmSimulator\node_modules\jest-circus\build\run.js:121:9)
    at _runTestsForDescribeBlock (C:\Users\user\Desktop\Kiro\AWS project\FinanceFarmSimulator\node_modules\jest-circus\build\run.js:121:9)
    at run (C:\Users\user\Desktop\Kiro\AWS project\FinanceFarmSimulator\node_modules\jest-circus\build\run.js:71:3)
    at runAndTransformResultsToJestFormat (C:\Users\user\Desktop\Kiro\AWS project\FinanceFarmSimulator\node_modules\jest-circus\build\legacy-code-todo-rewrite\jestAdapterInit.js:122:21)
    at jestAdapter (C:\Users\user\Desktop\Kiro\AWS project\FinanceFarmSimulator\node_modules\jest-circus\build\legacy-code-todo-rewrite\jestAdapter.js:79:19)
    at runTestInternal (C:\Users\user\Desktop\Kiro\AWS project\FinanceFarmSimulator\node_modules\jest-runner\build\runTest.js:367:16)
    at runTest (C:\Users\user\Desktop\Kiro\AWS project\FinanceFarmSimulator\node_modules\jest-runner\build\runTest.js:444:34)</failure>
    </testcase>
    <testcase classname="Business Logic Calculations calculateWeedPenalty should return zero penalty when under budget" name="Business Logic Calculations calculateWeedPenalty should return zero penalty when under budget" time="0.004">
      <failure>TypeError: (0 , _calculations.calculateWeedPenalty) is not a function
    at Object.&lt;anonymous&gt; (C:\Users\user\Desktop\Kiro\AWS project\FinanceFarmSimulator\src\utils\__tests__\businessLogic.test.ts:90:43)
    at Promise.then.completed (C:\Users\user\Desktop\Kiro\AWS project\FinanceFarmSimulator\node_modules\jest-circus\build\utils.js:298:28)
    at new Promise (&lt;anonymous&gt;)
    at callAsyncCircusFn (C:\Users\user\Desktop\Kiro\AWS project\FinanceFarmSimulator\node_modules\jest-circus\build\utils.js:231:10)
    at _callCircusTest (C:\Users\user\Desktop\Kiro\AWS project\FinanceFarmSimulator\node_modules\jest-circus\build\run.js:316:40)
    at _runTest (C:\Users\user\Desktop\Kiro\AWS project\FinanceFarmSimulator\node_modules\jest-circus\build\run.js:252:3)
    at _runTestsForDescribeBlock (C:\Users\user\Desktop\Kiro\AWS project\FinanceFarmSimulator\node_modules\jest-circus\build\run.js:126:9)
    at _runTestsForDescribeBlock (C:\Users\user\Desktop\Kiro\AWS project\FinanceFarmSimulator\node_modules\jest-circus\build\run.js:121:9)
    at _runTestsForDescribeBlock (C:\Users\user\Desktop\Kiro\AWS project\FinanceFarmSimulator\node_modules\jest-circus\build\run.js:121:9)
    at run (C:\Users\user\Desktop\Kiro\AWS project\FinanceFarmSimulator\node_modules\jest-circus\build\run.js:71:3)
    at runAndTransformResultsToJestFormat (C:\Users\user\Desktop\Kiro\AWS project\FinanceFarmSimulator\node_modules\jest-circus\build\legacy-code-todo-rewrite\jestAdapterInit.js:122:21)
    at jestAdapter (C:\Users\user\Desktop\Kiro\AWS project\FinanceFarmSimulator\node_modules\jest-circus\build\legacy-code-todo-rewrite\jestAdapter.js:79:19)
    at runTestInternal (C:\Users\user\Desktop\Kiro\AWS project\FinanceFarmSimulator\node_modules\jest-runner\build\runTest.js:367:16)
    at runTest (C:\Users\user\Desktop\Kiro\AWS project\FinanceFarmSimulator\node_modules\jest-runner\build\runTest.js:444:34)</failure>
    </testcase>
    <testcase classname="Business Logic Calculations calculateStreakMultiplier should increase multiplier with consecutive days" name="Business Logic Calculations calculateStreakMultiplier should increase multiplier with consecutive days" time="0.005">
    </testcase>
    <testcase classname="Business Logic Calculations calculateStreakMultiplier should return base multiplier for no streak" name="Business Logic Calculations calculateStreakMultiplier should return base multiplier for no streak" time="0.014">
    </testcase>
    <testcase classname="Business Logic Calculations calculateStreakMultiplier should cap multiplier at maximum value" name="Business Logic Calculations calculateStreakMultiplier should cap multiplier at maximum value" time="0.004">
    </testcase>
    <testcase classname="Business Logic Calculations calculateBudgetThreshold should calculate appropriate budget threshold" name="Business Logic Calculations calculateBudgetThreshold should calculate appropriate budget threshold" time="0.004">
      <failure>TypeError: (0 , _calculations.calculateBudgetThreshold) is not a function
    at Object.&lt;anonymous&gt; (C:\Users\user\Desktop\Kiro\AWS project\FinanceFarmSimulator\src\utils\__tests__\businessLogic.test.ts:123:49)
    at Promise.then.completed (C:\Users\user\Desktop\Kiro\AWS project\FinanceFarmSimulator\node_modules\jest-circus\build\utils.js:298:28)
    at new Promise (&lt;anonymous&gt;)
    at callAsyncCircusFn (C:\Users\user\Desktop\Kiro\AWS project\FinanceFarmSimulator\node_modules\jest-circus\build\utils.js:231:10)
    at _callCircusTest (C:\Users\user\Desktop\Kiro\AWS project\FinanceFarmSimulator\node_modules\jest-circus\build\run.js:316:40)
    at _runTest (C:\Users\user\Desktop\Kiro\AWS project\FinanceFarmSimulator\node_modules\jest-circus\build\run.js:252:3)
    at _runTestsForDescribeBlock (C:\Users\user\Desktop\Kiro\AWS project\FinanceFarmSimulator\node_modules\jest-circus\build\run.js:126:9)
    at _runTestsForDescribeBlock (C:\Users\user\Desktop\Kiro\AWS project\FinanceFarmSimulator\node_modules\jest-circus\build\run.js:121:9)
    at _runTestsForDescribeBlock (C:\Users\user\Desktop\Kiro\AWS project\FinanceFarmSimulator\node_modules\jest-circus\build\run.js:121:9)
    at run (C:\Users\user\Desktop\Kiro\AWS project\FinanceFarmSimulator\node_modules\jest-circus\build\run.js:71:3)
    at runAndTransformResultsToJestFormat (C:\Users\user\Desktop\Kiro\AWS project\FinanceFarmSimulator\node_modules\jest-circus\build\legacy-code-todo-rewrite\jestAdapterInit.js:122:21)
    at jestAdapter (C:\Users\user\Desktop\Kiro\AWS project\FinanceFarmSimulator\node_modules\jest-circus\build\legacy-code-todo-rewrite\jestAdapter.js:79:19)
    at runTestInternal (C:\Users\user\Desktop\Kiro\AWS project\FinanceFarmSimulator\node_modules\jest-runner\build\runTest.js:367:16)
    at runTest (C:\Users\user\Desktop\Kiro\AWS project\FinanceFarmSimulator\node_modules\jest-runner\build\runTest.js:444:34)</failure>
    </testcase>
    <testcase classname="Business Logic Calculations calculateRewardValue should calculate reward based on goal completion" name="Business Logic Calculations calculateRewardValue should calculate reward based on goal completion" time="0.015">
      <failure>TypeError: (0 , _calculations.calculateRewardValue) is not a function
    at Object.&lt;anonymous&gt; (C:\Users\user\Desktop\Kiro\AWS project\FinanceFarmSimulator\src\utils\__tests__\businessLogic.test.ts:138:42)
    at Promise.then.completed (C:\Users\user\Desktop\Kiro\AWS project\FinanceFarmSimulator\node_modules\jest-circus\build\utils.js:298:28)
    at new Promise (&lt;anonymous&gt;)
    at callAsyncCircusFn (C:\Users\user\Desktop\Kiro\AWS project\FinanceFarmSimulator\node_modules\jest-circus\build\utils.js:231:10)
    at _callCircusTest (C:\Users\user\Desktop\Kiro\AWS project\FinanceFarmSimulator\node_modules\jest-circus\build\run.js:316:40)
    at _runTest (C:\Users\user\Desktop\Kiro\AWS project\FinanceFarmSimulator\node_modules\jest-circus\build\run.js:252:3)
    at _runTestsForDescribeBlock (C:\Users\user\Desktop\Kiro\AWS project\FinanceFarmSimulator\node_modules\jest-circus\build\run.js:126:9)
    at _runTestsForDescribeBlock (C:\Users\user\Desktop\Kiro\AWS project\FinanceFarmSimulator\node_modules\jest-circus\build\run.js:121:9)
    at _runTestsForDescribeBlock (C:\Users\user\Desktop\Kiro\AWS project\FinanceFarmSimulator\node_modules\jest-circus\build\run.js:121:9)
    at run (C:\Users\user\Desktop\Kiro\AWS project\FinanceFarmSimulator\node_modules\jest-circus\build\run.js:71:3)
    at runAndTransformResultsToJestFormat (C:\Users\user\Desktop\Kiro\AWS project\FinanceFarmSimulator\node_modules\jest-circus\build\legacy-code-todo-rewrite\jestAdapterInit.js:122:21)
    at jestAdapter (C:\Users\user\Desktop\Kiro\AWS project\FinanceFarmSimulator\node_modules\jest-circus\build\legacy-code-todo-rewrite\jestAdapter.js:79:19)
    at runTestInternal (C:\Users\user\Desktop\Kiro\AWS project\FinanceFarmSimulator\node_modules\jest-runner\build\runTest.js:367:16)
    at runTest (C:\Users\user\Desktop\Kiro\AWS project\FinanceFarmSimulator\node_modules\jest-runner\build\runTest.js:444:34)</failure>
    </testcase>
    <testcase classname="Business Logic Calculations calculateRewardValue should apply streak bonus correctly" name="Business Logic Calculations calculateRewardValue should apply streak bonus correctly" time="0.004">
      <failure>TypeError: (0 , _calculations.calculateRewardValue) is not a function
    at Object.&lt;anonymous&gt; (C:\Users\user\Desktop\Kiro\AWS project\FinanceFarmSimulator\src\utils\__tests__\businessLogic.test.ts:155:46)
    at Promise.then.completed (C:\Users\user\Desktop\Kiro\AWS project\FinanceFarmSimulator\node_modules\jest-circus\build\utils.js:298:28)
    at new Promise (&lt;anonymous&gt;)
    at callAsyncCircusFn (C:\Users\user\Desktop\Kiro\AWS project\FinanceFarmSimulator\node_modules\jest-circus\build\utils.js:231:10)
    at _callCircusTest (C:\Users\user\Desktop\Kiro\AWS project\FinanceFarmSimulator\node_modules\jest-circus\build\run.js:316:40)
    at _runTest (C:\Users\user\Desktop\Kiro\AWS project\FinanceFarmSimulator\node_modules\jest-circus\build\run.js:252:3)
    at _runTestsForDescribeBlock (C:\Users\user\Desktop\Kiro\AWS project\FinanceFarmSimulator\node_modules\jest-circus\build\run.js:126:9)
    at _runTestsForDescribeBlock (C:\Users\user\Desktop\Kiro\AWS project\FinanceFarmSimulator\node_modules\jest-circus\build\run.js:121:9)
    at _runTestsForDescribeBlock (C:\Users\user\Desktop\Kiro\AWS project\FinanceFarmSimulator\node_modules\jest-circus\build\run.js:121:9)
    at run (C:\Users\user\Desktop\Kiro\AWS project\FinanceFarmSimulator\node_modules\jest-circus\build\run.js:71:3)
    at runAndTransformResultsToJestFormat (C:\Users\user\Desktop\Kiro\AWS project\FinanceFarmSimulator\node_modules\jest-circus\build\legacy-code-todo-rewrite\jestAdapterInit.js:122:21)
    at jestAdapter (C:\Users\user\Desktop\Kiro\AWS project\FinanceFarmSimulator\node_modules\jest-circus\build\legacy-code-todo-rewrite\jestAdapter.js:79:19)
    at runTestInternal (C:\Users\user\Desktop\Kiro\AWS project\FinanceFarmSimulator\node_modules\jest-runner\build\runTest.js:367:16)
    at runTest (C:\Users\user\Desktop\Kiro\AWS project\FinanceFarmSimulator\node_modules\jest-runner\build\runTest.js:444:34)</failure>
    </testcase>
  </testsuite>
  <testsuite name="Database Integration" errors="0" failures="0" skipped="0" timestamp="2025-09-29T19:08:13" time="0.544" tests="6">
    <testcase classname="Database Integration should create database service instance" name="Database Integration should create database service instance" time="0.008">
    </testcase>
    <testcase classname="Database Integration should have encryption methods" name="Database Integration should have encryption methods" time="0.006">
    </testcase>
    <testcase classname="Database Integration should handle encryption errors gracefully" name="Database Integration should handle encryption errors gracefully" time="0.074">
    </testcase>
    <testcase classname="Database Integration should have migration methods" name="Database Integration should have migration methods" time="0.007">
    </testcase>
    <testcase classname="Database Integration should have proper database schema in migration" name="Database Integration should have proper database schema in migration" time="0.009">
    </testcase>
    <testcase classname="Database Integration should validate database constants" name="Database Integration should validate database constants" time="0.003">
    </testcase>
  </testsuite>
  <testsuite name="Navigation Structure" errors="0" failures="1" skipped="0" timestamp="2025-09-29T19:08:18" time="0.765" tests="1">
    <testcase classname="Navigation Structure should have navigation components defined" name="Navigation Structure should have navigation components defined" time="0.212">
      <failure>Jest encountered an unexpected token

Jest failed to parse a file. This happens e.g. when your code or its dependencies use non-standard JavaScript syntax, or when Jest is not configured to support such syntax.

Out of the box Jest supports Babel, which will be used to transform your files into valid JS based on your Babel configuration.

By default &quot;node_modules&quot; folder is ignored by transformers.

Here&apos;s what you can do:
 • If you are trying to use ECMAScript Modules, see https://jestjs.io/docs/ecmascript-modules for how to enable it.
 • If you are trying to use TypeScript, see https://jestjs.io/docs/getting-started#using-typescript
 • To have some of your &quot;node_modules&quot; files transformed, you can specify a custom &quot;transformIgnorePatterns&quot; in your config.
 • If you need a custom transformation specify a &quot;transform&quot; option in your config.
 • If you simply want to mock your non-JS modules (e.g. binary assets) you can stub them out with the &quot;moduleNameMapper&quot; config option.

You&apos;ll find more details and examples of these config options in the docs:
https://jestjs.io/docs/configuration
For information about custom transformations, see:
https://jestjs.io/docs/code-transformation

Details:

C:\Users\user\Desktop\Kiro\AWS project\FinanceFarmSimulator\node_modules\@react-navigation\native\lib\module\index.js:3
export { createStaticNavigation } from &quot;./createStaticNavigation.js&quot;;
^^^^^^

SyntaxError: Unexpected token &apos;export&apos;
    at new Script (node:vm:117:7)
    at Runtime.createScriptFromCode (C:\Users\user\Desktop\Kiro\AWS project\FinanceFarmSimulator\node_modules\jest-runtime\build\index.js:1505:14)
    at Runtime._execModule (C:\Users\user\Desktop\Kiro\AWS project\FinanceFarmSimulator\node_modules\jest-runtime\build\index.js:1399:25)
    at Runtime._loadModule (C:\Users\user\Desktop\Kiro\AWS project\FinanceFarmSimulator\node_modules\jest-runtime\build\index.js:1022:12)
    at Runtime.requireModule (C:\Users\user\Desktop\Kiro\AWS project\FinanceFarmSimulator\node_modules\jest-runtime\build\index.js:882:12)
    at Runtime.requireModuleOrMock (C:\Users\user\Desktop\Kiro\AWS project\FinanceFarmSimulator\node_modules\jest-runtime\build\index.js:1048:21)
    at Object.require (C:\Users\user\Desktop\Kiro\AWS project\FinanceFarmSimulator\src\navigation\AppNavigator.tsx:2:1)
    at Runtime._execModule (C:\Users\user\Desktop\Kiro\AWS project\FinanceFarmSimulator\node_modules\jest-runtime\build\index.js:1439:24)
    at Runtime._loadModule (C:\Users\user\Desktop\Kiro\AWS project\FinanceFarmSimulator\node_modules\jest-runtime\build\index.js:1022:12)
    at Runtime.requireModule (C:\Users\user\Desktop\Kiro\AWS project\FinanceFarmSimulator\node_modules\jest-runtime\build\index.js:882:12)
    at Runtime.requireModuleOrMock (C:\Users\user\Desktop\Kiro\AWS project\FinanceFarmSimulator\node_modules\jest-runtime\build\index.js:1048:21)
    at Object.require (C:\Users\user\Desktop\Kiro\AWS project\FinanceFarmSimulator\src\navigation\__tests__\navigation.test.ts:5:26)
    at Promise.then.completed (C:\Users\user\Desktop\Kiro\AWS project\FinanceFarmSimulator\node_modules\jest-circus\build\utils.js:298:28)
    at new Promise (&lt;anonymous&gt;)
    at callAsyncCircusFn (C:\Users\user\Desktop\Kiro\AWS project\FinanceFarmSimulator\node_modules\jest-circus\build\utils.js:231:10)
    at _callCircusTest (C:\Users\user\Desktop\Kiro\AWS project\FinanceFarmSimulator\node_modules\jest-circus\build\run.js:316:40)
    at _runTest (C:\Users\user\Desktop\Kiro\AWS project\FinanceFarmSimulator\node_modules\jest-circus\build\run.js:252:3)
    at _runTestsForDescribeBlock (C:\Users\user\Desktop\Kiro\AWS project\FinanceFarmSimulator\node_modules\jest-circus\build\run.js:126:9)
    at _runTestsForDescribeBlock (C:\Users\user\Desktop\Kiro\AWS project\FinanceFarmSimulator\node_modules\jest-circus\build\run.js:121:9)
    at run (C:\Users\user\Desktop\Kiro\AWS project\FinanceFarmSimulator\node_modules\jest-circus\build\run.js:71:3)
    at runAndTransformResultsToJestFormat (C:\Users\user\Desktop\Kiro\AWS project\FinanceFarmSimulator\node_modules\jest-circus\build\legacy-code-todo-rewrite\jestAdapterInit.js:122:21)
    at jestAdapter (C:\Users\user\Desktop\Kiro\AWS project\FinanceFarmSimulator\node_modules\jest-circus\build\legacy-code-todo-rewrite\jestAdapter.js:79:19)
    at runTestInternal (C:\Users\user\Desktop\Kiro\AWS project\FinanceFarmSimulator\node_modules\jest-runner\build\runTest.js:367:16)
    at runTest (C:\Users\user\Desktop\Kiro\AWS project\FinanceFarmSimulator\node_modules\jest-runner\build\runTest.js:444:34)</failure>
    </testcase>
  </testsuite>
</testsuites>